0 info it worked if it ends with ok
1 verbose cli [ '/usr/bin/node', '/usr/bin/npm', 'i', 'body-parser' ]
2 info using npm@3.5.2
3 info using node@v8.10.0
4 silly loadCurrentTree Starting
5 silly install loadCurrentTree
6 silly install readLocalPackageData
7 silly fetchPackageMetaData body-parser@^1.18.3
8 silly fetchNamedPackageData body-parser
9 silly mapToRegistry name body-parser
10 silly mapToRegistry using default registry
11 silly mapToRegistry registry https://registry.npmjs.org/
12 silly mapToRegistry uri https://registry.npmjs.org/body-parser
13 verbose request uri https://registry.npmjs.org/body-parser
14 verbose request no auth needed
15 info attempt registry request try #1 at 7:04:41 PM
16 verbose request id d1b59d6772a6e594
17 verbose etag W/"93f6cbd6291dc796df8bfdb333ecd033"
18 verbose lastModified Wed, 16 Jan 2019 19:39:29 GMT
19 http request GET https://registry.npmjs.org/body-parser
20 http 304 https://registry.npmjs.org/body-parser
21 verbose headers { date: 'Fri, 18 Jan 2019 19:04:41 GMT',
21 verbose headers   connection: 'keep-alive',
21 verbose headers   'set-cookie':
21 verbose headers    [ '__cfduid=d4d295ef250cdbf4ef8226a5abb349dd31547838281; expires=Sat, 18-Jan-20 19:04:41 GMT; path=/; domain=.registry.npmjs.org; HttpOnly' ],
21 verbose headers   'cf-cache-status': 'HIT',
21 verbose headers   'cache-control': 'max-age=300',
21 verbose headers   'cf-ray': '49b3542a3dee570b-IAD',
21 verbose headers   etag: '"93f6cbd6291dc796df8bfdb333ecd033"',
21 verbose headers   'expect-ct': 'max-age=604800, report-uri="https://report-uri.cloudflare.com/cdn-cgi/beacon/expect-ct"',
21 verbose headers   'last-modified': 'Wed, 16 Jan 2019 19:39:29 GMT',
21 verbose headers   vary: 'accept-encoding, accept',
21 verbose headers   'x-amz-meta-rev': '792-c3c9d5fcd0ff488d9b9993b2c0b0e4da',
21 verbose headers   server: 'cloudflare' }
22 silly get cb [ 304,
22 silly get   { date: 'Fri, 18 Jan 2019 19:04:41 GMT',
22 silly get     connection: 'keep-alive',
22 silly get     'set-cookie':
22 silly get      [ '__cfduid=d4d295ef250cdbf4ef8226a5abb349dd31547838281; expires=Sat, 18-Jan-20 19:04:41 GMT; path=/; domain=.registry.npmjs.org; HttpOnly' ],
22 silly get     'cf-cache-status': 'HIT',
22 silly get     'cache-control': 'max-age=300',
22 silly get     'cf-ray': '49b3542a3dee570b-IAD',
22 silly get     etag: '"93f6cbd6291dc796df8bfdb333ecd033"',
22 silly get     'expect-ct': 'max-age=604800, report-uri="https://report-uri.cloudflare.com/cdn-cgi/beacon/expect-ct"',
22 silly get     'last-modified': 'Wed, 16 Jan 2019 19:39:29 GMT',
22 silly get     vary: 'accept-encoding, accept',
22 silly get     'x-amz-meta-rev': '792-c3c9d5fcd0ff488d9b9993b2c0b0e4da',
22 silly get     server: 'cloudflare' } ]
23 verbose etag https://registry.npmjs.org/body-parser from cache
24 verbose get saving body-parser to /home/ubuntu/.npm/registry.npmjs.org/body-parser/.cache.json
25 silly install normalizeTree
26 silly loadCurrentTree Finishing
27 silly loadIdealTree Starting
28 silly install loadIdealTree
29 silly cloneCurrentTree Starting
30 silly install cloneCurrentTreeToIdealTree
31 silly cloneCurrentTree Finishing
32 silly loadShrinkwrap Starting
33 silly install loadShrinkwrap
34 silly loadShrinkwrap Finishing
35 silly loadAllDepsIntoIdealTree Starting
36 silly install loadAllDepsIntoIdealTree
37 silly resolveWithNewModule body-parser@1.18.3 checking installable status
38 silly cache add args [ 'body-parser@^1.18.3', null ]
39 verbose cache add spec body-parser@^1.18.3
40 silly cache add parsed spec Result {
40 silly cache add   raw: 'body-parser@^1.18.3',
40 silly cache add   scope: null,
40 silly cache add   name: 'body-parser',
40 silly cache add   rawSpec: '^1.18.3',
40 silly cache add   spec: '>=1.18.3 <2.0.0',
40 silly cache add   type: 'range' }
41 silly addNamed body-parser@>=1.18.3 <2.0.0
42 verbose addNamed ">=1.18.3 <2.0.0" is a valid semver range for body-parser
43 silly addNameRange { name: 'body-parser', range: '>=1.18.3 <2.0.0', hasData: false }
44 silly mapToRegistry name body-parser
45 silly mapToRegistry using default registry
46 silly mapToRegistry registry https://registry.npmjs.org/
47 silly mapToRegistry uri https://registry.npmjs.org/body-parser
48 verbose addNameRange registry:https://registry.npmjs.org/body-parser not in flight; fetching
49 verbose get https://registry.npmjs.org/body-parser not expired, no request
50 silly addNameRange number 2 { name: 'body-parser', range: '>=1.18.3 <2.0.0', hasData: true }
51 silly addNameRange versions [ 'body-parser',
51 silly addNameRange   [ '1.0.0',
51 silly addNameRange     '1.0.1',
51 silly addNameRange     '1.0.2',
51 silly addNameRange     '1.1.0',
51 silly addNameRange     '1.1.1',
51 silly addNameRange     '1.1.2',
51 silly addNameRange     '1.2.0',
51 silly addNameRange     '1.2.1',
51 silly addNameRange     '1.2.2',
51 silly addNameRange     '1.3.0',
51 silly addNameRange     '1.3.1',
51 silly addNameRange     '1.4.0',
51 silly addNameRange     '1.4.1',
51 silly addNameRange     '1.4.2',
51 silly addNameRange     '1.4.3',
51 silly addNameRange     '1.5.0',
51 silly addNameRange     '1.5.1',
51 silly addNameRange     '1.5.2',
51 silly addNameRange     '1.6.0',
51 silly addNameRange     '1.6.1',
51 silly addNameRange     '1.6.2',
51 silly addNameRange     '1.6.3',
51 silly addNameRange     '1.6.4',
51 silly addNameRange     '1.6.5',
51 silly addNameRange     '1.6.6',
51 silly addNameRange     '1.6.7',
51 silly addNameRange     '1.7.0',
51 silly addNameRange     '1.8.0',
51 silly addNameRange     '1.8.1',
51 silly addNameRange     '1.8.2',
51 silly addNameRange     '1.8.3',
51 silly addNameRange     '1.8.4',
51 silly addNameRange     '1.9.0',
51 silly addNameRange     '1.9.1',
51 silly addNameRange     '1.9.2',
51 silly addNameRange     '1.9.3',
51 silly addNameRange     '1.10.0',
51 silly addNameRange     '1.10.1',
51 silly addNameRange     '1.10.2',
51 silly addNameRange     '1.11.0',
51 silly addNameRange     '1.12.0',
51 silly addNameRange     '1.12.1',
51 silly addNameRange     '1.12.2',
51 silly addNameRange     '1.12.3',
51 silly addNameRange     '1.12.4',
51 silly addNameRange     '1.13.0',
51 silly addNameRange     '1.13.1',
51 silly addNameRange     '1.13.2',
51 silly addNameRange     '1.13.3',
51 silly addNameRange     '1.14.0',
51 silly addNameRange     '1.14.1',
51 silly addNameRange     '1.14.2',
51 silly addNameRange     '1.15.0',
51 silly addNameRange     '1.15.1',
51 silly addNameRange     '1.15.2',
51 silly addNameRange     '1.16.0',
51 silly addNameRange     '1.16.1',
51 silly addNameRange     '1.17.0',
51 silly addNameRange     '1.17.1',
51 silly addNameRange     '1.17.2',
51 silly addNameRange     '1.18.0',
51 silly addNameRange     '1.18.1',
51 silly addNameRange     '1.18.2',
51 silly addNameRange     '1.18.3' ] ]
52 silly addNamed body-parser@1.18.3
53 verbose addNamed "1.18.3" is a plain semver version for body-parser
54 silly cache afterAdd body-parser@1.18.3
55 verbose afterAdd /home/ubuntu/.npm/body-parser/1.18.3/package/package.json not in flight; writing
56 verbose afterAdd /home/ubuntu/.npm/body-parser/1.18.3/package/package.json written
57 silly fetchNamedPackageData qs
58 silly mapToRegistry name qs
59 silly mapToRegistry using default registry
60 silly mapToRegistry registry https://registry.npmjs.org/
61 silly mapToRegistry uri https://registry.npmjs.org/qs
62 verbose request uri https://registry.npmjs.org/qs
63 verbose request no auth needed
64 info attempt registry request try #1 at 7:04:41 PM
65 verbose etag W/"d4e3b4c7d4c09e337330cdba9b6470a4"
66 verbose lastModified Sat, 05 Jan 2019 05:44:51 GMT
67 http request GET https://registry.npmjs.org/qs
68 http 304 https://registry.npmjs.org/qs
69 verbose headers { date: 'Fri, 18 Jan 2019 19:04:41 GMT',
69 verbose headers   connection: 'keep-alive',
69 verbose headers   'set-cookie':
69 verbose headers    [ '__cfduid=d4d295ef250cdbf4ef8226a5abb349dd31547838281; expires=Sat, 18-Jan-20 19:04:41 GMT; path=/; domain=.registry.npmjs.org; HttpOnly' ],
69 verbose headers   'cf-cache-status': 'HIT',
69 verbose headers   'cache-control': 'max-age=300',
69 verbose headers   'cf-ray': '49b3542c8f9f570b-IAD',
69 verbose headers   etag: '"d4e3b4c7d4c09e337330cdba9b6470a4"',
69 verbose headers   'expect-ct': 'max-age=604800, report-uri="https://report-uri.cloudflare.com/cdn-cgi/beacon/expect-ct"',
69 verbose headers   'last-modified': 'Sat, 05 Jan 2019 05:44:51 GMT',
69 verbose headers   vary: 'accept-encoding, accept',
69 verbose headers   'x-amz-meta-rev': '368-ba9a4752c19f5a45c0045fbed02555ed',
69 verbose headers   server: 'cloudflare' }
70 silly get cb [ 304,
70 silly get   { date: 'Fri, 18 Jan 2019 19:04:41 GMT',
70 silly get     connection: 'keep-alive',
70 silly get     'set-cookie':
70 silly get      [ '__cfduid=d4d295ef250cdbf4ef8226a5abb349dd31547838281; expires=Sat, 18-Jan-20 19:04:41 GMT; path=/; domain=.registry.npmjs.org; HttpOnly' ],
70 silly get     'cf-cache-status': 'HIT',
70 silly get     'cache-control': 'max-age=300',
70 silly get     'cf-ray': '49b3542c8f9f570b-IAD',
70 silly get     etag: '"d4e3b4c7d4c09e337330cdba9b6470a4"',
70 silly get     'expect-ct': 'max-age=604800, report-uri="https://report-uri.cloudflare.com/cdn-cgi/beacon/expect-ct"',
70 silly get     'last-modified': 'Sat, 05 Jan 2019 05:44:51 GMT',
70 silly get     vary: 'accept-encoding, accept',
70 silly get     'x-amz-meta-rev': '368-ba9a4752c19f5a45c0045fbed02555ed',
70 silly get     server: 'cloudflare' } ]
71 verbose etag https://registry.npmjs.org/qs from cache
72 verbose get saving qs to /home/ubuntu/.npm/registry.npmjs.org/qs/.cache.json
73 silly resolveWithNewModule qs@6.5.2 checking installable status
74 silly cache add args [ 'qs@6.5.2', null ]
75 verbose cache add spec qs@6.5.2
76 silly cache add parsed spec Result {
76 silly cache add   raw: 'qs@6.5.2',
76 silly cache add   scope: null,
76 silly cache add   name: 'qs',
76 silly cache add   rawSpec: '6.5.2',
76 silly cache add   spec: '6.5.2',
76 silly cache add   type: 'version' }
77 silly addNamed qs@6.5.2
78 verbose addNamed "6.5.2" is a plain semver version for qs
79 silly mapToRegistry name qs
80 silly mapToRegistry using default registry
81 silly mapToRegistry registry https://registry.npmjs.org/
82 silly mapToRegistry uri https://registry.npmjs.org/qs
83 verbose addNameVersion registry:https://registry.npmjs.org/qs not in flight; fetching
84 verbose get https://registry.npmjs.org/qs not expired, no request
85 silly cache afterAdd qs@6.5.2
86 verbose afterAdd /home/ubuntu/.npm/qs/6.5.2/package/package.json not in flight; writing
87 verbose afterAdd /home/ubuntu/.npm/qs/6.5.2/package/package.json written
88 silly fetchNamedPackageData fsevents
89 silly mapToRegistry name fsevents
90 silly mapToRegistry using default registry
91 silly mapToRegistry registry https://registry.npmjs.org/
92 silly mapToRegistry uri https://registry.npmjs.org/fsevents
93 verbose request uri https://registry.npmjs.org/fsevents
94 verbose request no auth needed
95 info attempt registry request try #1 at 7:04:41 PM
96 verbose etag W/"bcffea2f69aac7abfa570bf3b20de6a0"
97 verbose lastModified Fri, 18 Jan 2019 15:54:31 GMT
98 http request GET https://registry.npmjs.org/fsevents
99 http 304 https://registry.npmjs.org/fsevents
100 verbose headers { date: 'Fri, 18 Jan 2019 19:04:41 GMT',
100 verbose headers   connection: 'keep-alive',
100 verbose headers   'set-cookie':
100 verbose headers    [ '__cfduid=d4d295ef250cdbf4ef8226a5abb349dd31547838281; expires=Sat, 18-Jan-20 19:04:41 GMT; path=/; domain=.registry.npmjs.org; HttpOnly' ],
100 verbose headers   'cf-cache-status': 'HIT',
100 verbose headers   'cache-control': 'max-age=300',
100 verbose headers   'cf-ray': '49b3542e18b1570b-IAD',
100 verbose headers   etag: '"bcffea2f69aac7abfa570bf3b20de6a0"',
100 verbose headers   'expect-ct': 'max-age=604800, report-uri="https://report-uri.cloudflare.com/cdn-cgi/beacon/expect-ct"',
100 verbose headers   'last-modified': 'Fri, 18 Jan 2019 15:54:31 GMT',
100 verbose headers   vary: 'accept-encoding, accept',
100 verbose headers   'x-amz-meta-rev': '98-f5c810ab87c5a9d4100da1fba1ab6a54',
100 verbose headers   server: 'cloudflare' }
101 silly get cb [ 304,
101 silly get   { date: 'Fri, 18 Jan 2019 19:04:41 GMT',
101 silly get     connection: 'keep-alive',
101 silly get     'set-cookie':
101 silly get      [ '__cfduid=d4d295ef250cdbf4ef8226a5abb349dd31547838281; expires=Sat, 18-Jan-20 19:04:41 GMT; path=/; domain=.registry.npmjs.org; HttpOnly' ],
101 silly get     'cf-cache-status': 'HIT',
101 silly get     'cache-control': 'max-age=300',
101 silly get     'cf-ray': '49b3542e18b1570b-IAD',
101 silly get     etag: '"bcffea2f69aac7abfa570bf3b20de6a0"',
101 silly get     'expect-ct': 'max-age=604800, report-uri="https://report-uri.cloudflare.com/cdn-cgi/beacon/expect-ct"',
101 silly get     'last-modified': 'Fri, 18 Jan 2019 15:54:31 GMT',
101 silly get     vary: 'accept-encoding, accept',
101 silly get     'x-amz-meta-rev': '98-f5c810ab87c5a9d4100da1fba1ab6a54',
101 silly get     server: 'cloudflare' } ]
102 verbose etag https://registry.npmjs.org/fsevents from cache
103 verbose get saving fsevents to /home/ubuntu/.npm/registry.npmjs.org/fsevents/.cache.json
104 silly resolveWithNewModule fsevents@1.2.7 checking installable status
105 silly fetchNamedPackageData fsevents
106 silly mapToRegistry name fsevents
107 silly mapToRegistry using default registry
108 silly mapToRegistry registry https://registry.npmjs.org/
109 silly mapToRegistry uri https://registry.npmjs.org/fsevents
110 silly resolveWithNewModule fsevents@1.2.7 checking installable status
111 silly loadAllDepsIntoIdealTree Finishing
112 silly idealTree:prePrune Website@1.0.0
112 silly idealTree:prePrune ├── abbrev@1.1.1
112 silly idealTree:prePrune ├── accepts@1.3.5
112 silly idealTree:prePrune ├── ansi-align@2.0.0
112 silly idealTree:prePrune ├── ansi-regex@3.0.0
112 silly idealTree:prePrune ├── ansi-styles@3.2.1
112 silly idealTree:prePrune ├── anymatch@2.0.0
112 silly idealTree:prePrune ├── arr-diff@4.0.0
112 silly idealTree:prePrune ├── arr-flatten@1.1.0
112 silly idealTree:prePrune ├── arr-union@3.1.0
112 silly idealTree:prePrune ├── array-flatten@1.1.1
112 silly idealTree:prePrune ├── array-unique@0.3.2
112 silly idealTree:prePrune ├── assign-symbols@1.0.0
112 silly idealTree:prePrune ├── async-each@1.0.1
112 silly idealTree:prePrune ├── async@0.2.10
112 silly idealTree:prePrune ├── atob@2.1.2
112 silly idealTree:prePrune ├── balanced-match@1.0.0
112 silly idealTree:prePrune ├─┬ base@0.11.2
112 silly idealTree:prePrune │ ├── define-property@1.0.0
112 silly idealTree:prePrune │ ├── is-accessor-descriptor@1.0.0
112 silly idealTree:prePrune │ ├── is-data-descriptor@1.0.0
112 silly idealTree:prePrune │ └── is-descriptor@1.0.2
112 silly idealTree:prePrune ├── binary-extensions@1.12.0
112 silly idealTree:prePrune ├─┬ body-parser@1.18.3
112 silly idealTree:prePrune │ └── qs@6.5.2
112 silly idealTree:prePrune ├── boxen@1.3.0
112 silly idealTree:prePrune ├── brace-expansion@1.1.11
112 silly idealTree:prePrune ├─┬ braces@2.3.2
112 silly idealTree:prePrune │ └── extend-shallow@2.0.1
112 silly idealTree:prePrune ├─┬ broadway@0.3.6
112 silly idealTree:prePrune │ ├── cliff@0.1.9
112 silly idealTree:prePrune │ └── winston@0.8.0
112 silly idealTree:prePrune ├── bytes@3.0.0
112 silly idealTree:prePrune ├── cache-base@1.0.1
112 silly idealTree:prePrune ├── caller@0.0.1
112 silly idealTree:prePrune ├── camelcase@4.1.0
112 silly idealTree:prePrune ├── capture-stack-trace@1.0.1
112 silly idealTree:prePrune ├── chalk@2.4.2
112 silly idealTree:prePrune ├── chokidar@2.0.4
112 silly idealTree:prePrune ├── ci-info@1.6.0
112 silly idealTree:prePrune ├─┬ class-utils@0.3.6
112 silly idealTree:prePrune │ └── define-property@0.2.5
112 silly idealTree:prePrune ├── cli-boxes@1.0.0
112 silly idealTree:prePrune ├─┬ cliff@0.1.10
112 silly idealTree:prePrune │ └── colors@1.0.3
112 silly idealTree:prePrune ├── clone@1.0.4
112 silly idealTree:prePrune ├── collection-visit@1.0.0
112 silly idealTree:prePrune ├── color-convert@1.9.3
112 silly idealTree:prePrune ├── color-name@1.1.3
112 silly idealTree:prePrune ├── colors@0.6.2
112 silly idealTree:prePrune ├── component-emitter@1.2.1
112 silly idealTree:prePrune ├── concat-map@0.0.1
112 silly idealTree:prePrune ├── configstore@3.1.2
112 silly idealTree:prePrune ├── content-disposition@0.5.2
112 silly idealTree:prePrune ├── content-type@1.0.4
112 silly idealTree:prePrune ├── cookie-signature@1.0.6
112 silly idealTree:prePrune ├── cookie@0.3.1
112 silly idealTree:prePrune ├── copy-descriptor@0.1.1
112 silly idealTree:prePrune ├── core-util-is@1.0.2
112 silly idealTree:prePrune ├── create-error-class@3.0.2
112 silly idealTree:prePrune ├── cross-spawn@5.1.0
112 silly idealTree:prePrune ├── crypto-random-string@1.0.0
112 silly idealTree:prePrune ├── cycle@1.0.3
112 silly idealTree:prePrune ├── debug@2.6.9
112 silly idealTree:prePrune ├── decode-uri-component@0.2.0
112 silly idealTree:prePrune ├── deep-equal@1.0.1
112 silly idealTree:prePrune ├── deep-extend@0.6.0
112 silly idealTree:prePrune ├─┬ define-property@2.0.2
112 silly idealTree:prePrune │ ├── is-accessor-descriptor@1.0.0
112 silly idealTree:prePrune │ ├── is-data-descriptor@1.0.0
112 silly idealTree:prePrune │ └── is-descriptor@1.0.2
112 silly idealTree:prePrune ├── defined@0.0.0
112 silly idealTree:prePrune ├── depd@1.1.2
112 silly idealTree:prePrune ├── destroy@1.0.4
112 silly idealTree:prePrune ├── director@1.2.7
112 silly idealTree:prePrune ├── dot-prop@4.2.0
112 silly idealTree:prePrune ├── duplexer3@0.1.4
112 silly idealTree:prePrune ├── ee-first@1.1.1
112 silly idealTree:prePrune ├── ejs@2.6.1
112 silly idealTree:prePrune ├── encodeurl@1.0.2
112 silly idealTree:prePrune ├── escape-html@1.0.3
112 silly idealTree:prePrune ├── escape-string-regexp@1.0.5
112 silly idealTree:prePrune ├── etag@1.8.1
112 silly idealTree:prePrune ├─┬ event-stream@0.5.3
112 silly idealTree:prePrune │ └── optimist@0.2.8
112 silly idealTree:prePrune ├── eventemitter2@0.4.14
112 silly idealTree:prePrune ├── execa@0.7.0
112 silly idealTree:prePrune ├─┬ expand-brackets@2.1.4
112 silly idealTree:prePrune │ ├── define-property@0.2.5
112 silly idealTree:prePrune │ └── extend-shallow@2.0.1
112 silly idealTree:prePrune ├─┬ expand-range@1.8.2
112 silly idealTree:prePrune │ ├── fill-range@2.2.4
112 silly idealTree:prePrune │ ├── is-number@2.1.0
112 silly idealTree:prePrune │ ├── isobject@2.1.0
112 silly idealTree:prePrune │ └── kind-of@3.2.2
112 silly idealTree:prePrune ├─┬ express@4.16.3
112 silly idealTree:prePrune │ ├── body-parser@1.18.2
112 silly idealTree:prePrune │ ├── iconv-lite@0.4.19
112 silly idealTree:prePrune │ └─┬ raw-body@2.3.2
112 silly idealTree:prePrune │   ├── depd@1.1.1
112 silly idealTree:prePrune │   ├── http-errors@1.6.2
112 silly idealTree:prePrune │   └── setprototypeof@1.0.3
112 silly idealTree:prePrune ├─┬ extend-shallow@3.0.2
112 silly idealTree:prePrune │ └── is-extendable@1.0.1
112 silly idealTree:prePrune ├─┬ extglob@2.0.4
112 silly idealTree:prePrune │ ├── define-property@1.0.0
112 silly idealTree:prePrune │ ├── extend-shallow@2.0.1
112 silly idealTree:prePrune │ ├── is-accessor-descriptor@1.0.0
112 silly idealTree:prePrune │ ├── is-data-descriptor@1.0.0
112 silly idealTree:prePrune │ └── is-descriptor@1.0.2
112 silly idealTree:prePrune ├── eyes@0.1.8
112 silly idealTree:prePrune ├── filename-regex@2.0.1
112 silly idealTree:prePrune ├─┬ fill-range@4.0.0
112 silly idealTree:prePrune │ └── extend-shallow@2.0.1
112 silly idealTree:prePrune ├── finalhandler@1.1.1
112 silly idealTree:prePrune ├─┬ flatiron@0.4.3
112 silly idealTree:prePrune │ ├── minimist@0.0.10
112 silly idealTree:prePrune │ └── optimist@0.6.0
112 silly idealTree:prePrune ├── for-in@1.0.2
112 silly idealTree:prePrune ├── for-own@0.1.5
112 silly idealTree:prePrune ├─┬ forever-monitor@1.7.1
112 silly idealTree:prePrune │ ├── anymatch@1.3.2
112 silly idealTree:prePrune │ ├── arr-diff@2.0.0
112 silly idealTree:prePrune │ ├── array-unique@0.2.1
112 silly idealTree:prePrune │ ├── braces@1.8.5
112 silly idealTree:prePrune │ ├── chokidar@1.7.0
112 silly idealTree:prePrune │ ├── expand-brackets@0.1.5
112 silly idealTree:prePrune │ ├── extglob@0.3.2
112 silly idealTree:prePrune │ ├── glob-parent@2.0.0
112 silly idealTree:prePrune │ ├── is-extglob@1.0.0
112 silly idealTree:prePrune │ ├── is-glob@2.0.1
112 silly idealTree:prePrune │ ├── kind-of@3.2.2
112 silly idealTree:prePrune │ └── micromatch@2.3.11
112 silly idealTree:prePrune ├── forever@0.15.3
112 silly idealTree:prePrune ├── forwarded@0.1.2
112 silly idealTree:prePrune ├── fragment-cache@0.2.1
112 silly idealTree:prePrune ├── fresh@0.5.2
112 silly idealTree:prePrune ├── fs.realpath@1.0.0
112 silly idealTree:prePrune ├── g@2.0.1
112 silly idealTree:prePrune ├── get-stream@3.0.0
112 silly idealTree:prePrune ├── get-value@2.0.6
112 silly idealTree:prePrune ├─┬ glob-base@0.3.0
112 silly idealTree:prePrune │ ├── glob-parent@2.0.0
112 silly idealTree:prePrune │ ├── is-extglob@1.0.0
112 silly idealTree:prePrune │ └── is-glob@2.0.1
112 silly idealTree:prePrune ├─┬ glob-parent@3.1.0
112 silly idealTree:prePrune │ └── is-glob@3.1.0
112 silly idealTree:prePrune ├── glob@7.1.3
112 silly idealTree:prePrune ├── global-dirs@0.1.1
112 silly idealTree:prePrune ├── got@6.7.1
112 silly idealTree:prePrune ├── graceful-fs@4.1.15
112 silly idealTree:prePrune ├── has-flag@3.0.0
112 silly idealTree:prePrune ├── has-value@1.0.0
112 silly idealTree:prePrune ├─┬ has-values@1.0.0
112 silly idealTree:prePrune │ └── kind-of@4.0.0
112 silly idealTree:prePrune ├── http-errors@1.6.3
112 silly idealTree:prePrune ├── i@0.3.6
112 silly idealTree:prePrune ├── iconv-lite@0.4.23
112 silly idealTree:prePrune ├── ignore-by-default@1.0.1
112 silly idealTree:prePrune ├── import-lazy@2.1.0
112 silly idealTree:prePrune ├── imurmurhash@0.1.4
112 silly idealTree:prePrune ├── inflight@1.0.6
112 silly idealTree:prePrune ├── inherits@2.0.3
112 silly idealTree:prePrune ├── ini@1.3.5
112 silly idealTree:prePrune ├── ipaddr.js@1.8.0
112 silly idealTree:prePrune ├─┬ is-accessor-descriptor@0.1.6
112 silly idealTree:prePrune │ └── kind-of@3.2.2
112 silly idealTree:prePrune ├── is-binary-path@1.0.1
112 silly idealTree:prePrune ├── is-buffer@1.1.6
112 silly idealTree:prePrune ├── is-ci@1.2.1
112 silly idealTree:prePrune ├─┬ is-data-descriptor@0.1.4
112 silly idealTree:prePrune │ └── kind-of@3.2.2
112 silly idealTree:prePrune ├─┬ is-descriptor@0.1.6
112 silly idealTree:prePrune │ └── kind-of@5.1.0
112 silly idealTree:prePrune ├── is-dotfile@1.0.3
112 silly idealTree:prePrune ├── is-equal-shallow@0.1.3
112 silly idealTree:prePrune ├── is-extendable@0.1.1
112 silly idealTree:prePrune ├── is-extglob@2.1.1
112 silly idealTree:prePrune ├── is-fullwidth-code-point@2.0.0
112 silly idealTree:prePrune ├── is-glob@4.0.0
112 silly idealTree:prePrune ├── is-installed-globally@0.1.0
112 silly idealTree:prePrune ├── is-npm@1.0.0
112 silly idealTree:prePrune ├─┬ is-number@3.0.0
112 silly idealTree:prePrune │ └── kind-of@3.2.2
112 silly idealTree:prePrune ├── is-obj@1.0.1
112 silly idealTree:prePrune ├── is-path-inside@1.0.1
112 silly idealTree:prePrune ├── is-plain-object@2.0.4
112 silly idealTree:prePrune ├── is-posix-bracket@0.1.1
112 silly idealTree:prePrune ├── is-primitive@2.0.0
112 silly idealTree:prePrune ├── is-redirect@1.0.0
112 silly idealTree:prePrune ├── is-retry-allowed@1.1.0
112 silly idealTree:prePrune ├── is-stream@1.1.0
112 silly idealTree:prePrune ├── is-windows@1.0.2
112 silly idealTree:prePrune ├── isarray@1.0.0
112 silly idealTree:prePrune ├── isexe@2.0.0
112 silly idealTree:prePrune ├── isobject@3.0.1
112 silly idealTree:prePrune ├── isstream@0.1.2
112 silly idealTree:prePrune ├── jsonify@0.0.0
112 silly idealTree:prePrune ├── kind-of@6.0.2
112 silly idealTree:prePrune ├── latest-version@3.1.0
112 silly idealTree:prePrune ├── lazy@1.0.11
112 silly idealTree:prePrune ├── lodash.debounce@4.0.8
112 silly idealTree:prePrune ├── lowercase-keys@1.0.1
112 silly idealTree:prePrune ├── lru-cache@4.1.5
112 silly idealTree:prePrune ├── make-dir@1.3.0
112 silly idealTree:prePrune ├── map-cache@0.2.2
112 silly idealTree:prePrune ├── map-visit@1.0.0
112 silly idealTree:prePrune ├── math-random@1.0.4
112 silly idealTree:prePrune ├── media-typer@0.3.0
112 silly idealTree:prePrune ├── merge-descriptors@1.0.1
112 silly idealTree:prePrune ├── methods@1.1.2
112 silly idealTree:prePrune ├── micromatch@3.1.10
112 silly idealTree:prePrune ├── mime-db@1.36.0
112 silly idealTree:prePrune ├── mime-types@2.1.20
112 silly idealTree:prePrune ├── mime@1.4.1
112 silly idealTree:prePrune ├── minimatch@3.0.4
112 silly idealTree:prePrune ├── minimist@1.2.0
112 silly idealTree:prePrune ├─┬ mixin-deep@1.3.1
112 silly idealTree:prePrune │ └── is-extendable@1.0.1
112 silly idealTree:prePrune ├─┬ mkdirp@0.5.1
112 silly idealTree:prePrune │ └── minimist@0.0.8
112 silly idealTree:prePrune ├── ms@2.0.0
112 silly idealTree:prePrune ├── mute-stream@0.0.8
112 silly idealTree:prePrune ├── nanomatch@1.2.13
112 silly idealTree:prePrune ├─┬ nconf@0.6.9
112 silly idealTree:prePrune │ ├── async@0.2.9
112 silly idealTree:prePrune │ ├── minimist@0.0.10
112 silly idealTree:prePrune │ └── optimist@0.6.0
112 silly idealTree:prePrune ├── ncp@0.4.2
112 silly idealTree:prePrune ├── negotiator@0.6.1
112 silly idealTree:prePrune ├─┬ nodemon@1.18.9
112 silly idealTree:prePrune │ ├── debug@3.2.6
112 silly idealTree:prePrune │ └── ms@2.1.1
112 silly idealTree:prePrune ├── nopt@1.0.10
112 silly idealTree:prePrune ├── normalize-path@2.1.1
112 silly idealTree:prePrune ├── npm-run-path@2.0.2
112 silly idealTree:prePrune ├── nssocket@0.5.3
112 silly idealTree:prePrune ├── object-assign@3.0.0
112 silly idealTree:prePrune ├─┬ object-copy@0.1.0
112 silly idealTree:prePrune │ ├── define-property@0.2.5
112 silly idealTree:prePrune │ └── kind-of@3.2.2
112 silly idealTree:prePrune ├── object-visit@1.0.1
112 silly idealTree:prePrune ├── object.omit@2.0.1
112 silly idealTree:prePrune ├── object.pick@1.3.0
112 silly idealTree:prePrune ├── on-finished@2.3.0
112 silly idealTree:prePrune ├── once@1.4.0
112 silly idealTree:prePrune ├─┬ optimist@0.6.1
112 silly idealTree:prePrune │ └── minimist@0.0.10
112 silly idealTree:prePrune ├── p-finally@1.0.0
112 silly idealTree:prePrune ├── package-json@4.0.1
112 silly idealTree:prePrune ├─┬ parse-glob@3.0.4
112 silly idealTree:prePrune │ ├── is-extglob@1.0.0
112 silly idealTree:prePrune │ └── is-glob@2.0.1
112 silly idealTree:prePrune ├── parseurl@1.3.2
112 silly idealTree:prePrune ├── pascalcase@0.1.1
112 silly idealTree:prePrune ├── path-dirname@1.0.2
112 silly idealTree:prePrune ├── path-is-absolute@1.0.1
112 silly idealTree:prePrune ├── path-is-inside@1.0.2
112 silly idealTree:prePrune ├── path-key@2.0.1
112 silly idealTree:prePrune ├── path-to-regexp@0.1.7
112 silly idealTree:prePrune ├── pify@3.0.0
112 silly idealTree:prePrune ├── pkginfo@0.3.1
112 silly idealTree:prePrune ├── posix-character-classes@0.1.1
112 silly idealTree:prePrune ├── prepend-http@1.0.4
112 silly idealTree:prePrune ├── preserve@0.2.0
112 silly idealTree:prePrune ├─┬ prettyjson@1.2.1
112 silly idealTree:prePrune │ └── colors@1.3.3
112 silly idealTree:prePrune ├── process-nextick-args@2.0.0
112 silly idealTree:prePrune ├── prompt@0.2.14
112 silly idealTree:prePrune ├── proxy-addr@2.0.4
112 silly idealTree:prePrune ├── ps-tree@0.0.3
112 silly idealTree:prePrune ├── pseudomap@1.0.2
112 silly idealTree:prePrune ├── pstree.remy@1.1.6
112 silly idealTree:prePrune ├── qs@6.5.1
112 silly idealTree:prePrune ├─┬ randomatic@3.1.1
112 silly idealTree:prePrune │ └── is-number@4.0.0
112 silly idealTree:prePrune ├── range-parser@1.2.0
112 silly idealTree:prePrune ├── raw-body@2.3.3
112 silly idealTree:prePrune ├── rc@1.2.8
112 silly idealTree:prePrune ├── read@1.0.7
112 silly idealTree:prePrune ├── readable-stream@2.3.6
112 silly idealTree:prePrune ├── readdirp@2.2.1
112 silly idealTree:prePrune ├── regex-cache@0.4.4
112 silly idealTree:prePrune ├── regex-not@1.0.2
112 silly idealTree:prePrune ├── registry-auth-token@3.3.2
112 silly idealTree:prePrune ├── registry-url@3.1.0
112 silly idealTree:prePrune ├── remove-trailing-separator@1.1.0
112 silly idealTree:prePrune ├── repeat-element@1.1.3
112 silly idealTree:prePrune ├── repeat-string@1.6.1
112 silly idealTree:prePrune ├── resolve-url@0.2.1
112 silly idealTree:prePrune ├── resumer@0.0.0
112 silly idealTree:prePrune ├── ret@0.1.15
112 silly idealTree:prePrune ├── revalidator@0.1.8
112 silly idealTree:prePrune ├── rimraf@2.6.3
112 silly idealTree:prePrune ├── safe-buffer@5.1.1
112 silly idealTree:prePrune ├── safe-regex@1.1.0
112 silly idealTree:prePrune ├── safer-buffer@2.1.2
112 silly idealTree:prePrune ├── semver-diff@2.1.0
112 silly idealTree:prePrune ├── semver@5.6.0
112 silly idealTree:prePrune ├── send@0.16.2
112 silly idealTree:prePrune ├── serve-static@1.13.2
112 silly idealTree:prePrune ├─┬ set-value@2.0.0
112 silly idealTree:prePrune │ └── extend-shallow@2.0.1
112 silly idealTree:prePrune ├── setprototypeof@1.1.0
112 silly idealTree:prePrune ├── shebang-command@1.2.0
112 silly idealTree:prePrune ├── shebang-regex@1.0.0
112 silly idealTree:prePrune ├─┬ shush@1.0.0
112 silly idealTree:prePrune │ └── strip-json-comments@0.1.3
112 silly idealTree:prePrune ├── signal-exit@3.0.2
112 silly idealTree:prePrune ├─┬ snapdragon-node@2.1.1
112 silly idealTree:prePrune │ ├── define-property@1.0.0
112 silly idealTree:prePrune │ ├── is-accessor-descriptor@1.0.0
112 silly idealTree:prePrune │ ├── is-data-descriptor@1.0.0
112 silly idealTree:prePrune │ └── is-descriptor@1.0.2
112 silly idealTree:prePrune ├─┬ snapdragon-util@3.0.1
112 silly idealTree:prePrune │ └── kind-of@3.2.2
112 silly idealTree:prePrune ├─┬ snapdragon@0.8.2
112 silly idealTree:prePrune │ ├── define-property@0.2.5
112 silly idealTree:prePrune │ └── extend-shallow@2.0.1
112 silly idealTree:prePrune ├── source-map-resolve@0.5.2
112 silly idealTree:prePrune ├── source-map-url@0.4.0
112 silly idealTree:prePrune ├── source-map@0.5.7
112 silly idealTree:prePrune ├── split-string@3.1.0
112 silly idealTree:prePrune ├── stack-trace@0.0.10
112 silly idealTree:prePrune ├─┬ static-extend@0.1.2
112 silly idealTree:prePrune │ └── define-property@0.2.5
112 silly idealTree:prePrune ├── statuses@1.4.0
112 silly idealTree:prePrune ├── string_decoder@1.1.1
112 silly idealTree:prePrune ├── string-width@2.1.1
112 silly idealTree:prePrune ├── strip-ansi@4.0.0
112 silly idealTree:prePrune ├── strip-eof@1.0.0
112 silly idealTree:prePrune ├── strip-json-comments@2.0.1
112 silly idealTree:prePrune ├── supports-color@5.5.0
112 silly idealTree:prePrune ├─┬ tape@2.3.3
112 silly idealTree:prePrune │ └── deep-equal@0.1.2
112 silly idealTree:prePrune ├── term-size@1.2.0
112 silly idealTree:prePrune ├── through@2.3.8
112 silly idealTree:prePrune ├── timed-out@4.0.1
112 silly idealTree:prePrune ├── timespan@2.3.0
112 silly idealTree:prePrune ├─┬ to-object-path@0.3.0
112 silly idealTree:prePrune │ └── kind-of@3.2.2
112 silly idealTree:prePrune ├── to-regex-range@2.1.1
112 silly idealTree:prePrune ├── to-regex@3.0.2
112 silly idealTree:prePrune ├── touch@3.1.0
112 silly idealTree:prePrune ├── type-is@1.6.16
112 silly idealTree:prePrune ├── undefsafe@2.0.2
112 silly idealTree:prePrune ├─┬ union-value@1.0.0
112 silly idealTree:prePrune │ ├── extend-shallow@2.0.1
112 silly idealTree:prePrune │ └── set-value@0.4.3
112 silly idealTree:prePrune ├── unique-string@1.0.0
112 silly idealTree:prePrune ├── unpipe@1.0.0
112 silly idealTree:prePrune ├─┬ unset-value@1.0.0
112 silly idealTree:prePrune │ ├─┬ has-value@0.3.1
112 silly idealTree:prePrune │ │ └── isobject@2.1.0
112 silly idealTree:prePrune │ └── has-values@0.1.4
112 silly idealTree:prePrune ├── unzip-response@2.0.1
112 silly idealTree:prePrune ├── upath@1.1.0
112 silly idealTree:prePrune ├── update-notifier@2.5.0
112 silly idealTree:prePrune ├── urix@0.1.0
112 silly idealTree:prePrune ├── url-parse-lax@1.0.0
112 silly idealTree:prePrune ├── use@3.1.1
112 silly idealTree:prePrune ├── util-deprecate@1.0.2
112 silly idealTree:prePrune ├── utile@0.2.1
112 silly idealTree:prePrune ├── utils-merge@1.0.1
112 silly idealTree:prePrune ├── vary@1.1.2
112 silly idealTree:prePrune ├── which@1.3.1
112 silly idealTree:prePrune ├── widest-line@2.0.1
112 silly idealTree:prePrune ├── winston@0.8.3
112 silly idealTree:prePrune ├── wordwrap@0.0.3
112 silly idealTree:prePrune ├── wrappy@1.0.2
112 silly idealTree:prePrune ├── write-file-atomic@2.3.0
112 silly idealTree:prePrune ├── xdg-basedir@3.0.0
112 silly idealTree:prePrune └── yallist@2.1.2
113 silly loadIdealTree Finishing
114 silly currentTree Website@1.0.0
114 silly currentTree ├── abbrev@1.1.1
114 silly currentTree ├── accepts@1.3.5
114 silly currentTree ├── ansi-align@2.0.0
114 silly currentTree ├── ansi-regex@3.0.0
114 silly currentTree ├── ansi-styles@3.2.1
114 silly currentTree ├── anymatch@2.0.0
114 silly currentTree ├── arr-diff@4.0.0
114 silly currentTree ├── arr-flatten@1.1.0
114 silly currentTree ├── arr-union@3.1.0
114 silly currentTree ├── array-flatten@1.1.1
114 silly currentTree ├── array-unique@0.3.2
114 silly currentTree ├── assign-symbols@1.0.0
114 silly currentTree ├── async-each@1.0.1
114 silly currentTree ├── async@0.2.10
114 silly currentTree ├── atob@2.1.2
114 silly currentTree ├── balanced-match@1.0.0
114 silly currentTree ├─┬ base@0.11.2
114 silly currentTree │ ├── define-property@1.0.0
114 silly currentTree │ ├── is-accessor-descriptor@1.0.0
114 silly currentTree │ ├── is-data-descriptor@1.0.0
114 silly currentTree │ └── is-descriptor@1.0.2
114 silly currentTree ├── binary-extensions@1.12.0
114 silly currentTree ├── boxen@1.3.0
114 silly currentTree ├── brace-expansion@1.1.11
114 silly currentTree ├─┬ braces@2.3.2
114 silly currentTree │ └── extend-shallow@2.0.1
114 silly currentTree ├─┬ broadway@0.3.6
114 silly currentTree │ ├── cliff@0.1.9
114 silly currentTree │ └── winston@0.8.0
114 silly currentTree ├── bytes@3.0.0
114 silly currentTree ├── cache-base@1.0.1
114 silly currentTree ├── caller@0.0.1
114 silly currentTree ├── camelcase@4.1.0
114 silly currentTree ├── capture-stack-trace@1.0.1
114 silly currentTree ├── chalk@2.4.2
114 silly currentTree ├── chokidar@2.0.4
114 silly currentTree ├── ci-info@1.6.0
114 silly currentTree ├─┬ class-utils@0.3.6
114 silly currentTree │ └── define-property@0.2.5
114 silly currentTree ├── cli-boxes@1.0.0
114 silly currentTree ├─┬ cliff@0.1.10
114 silly currentTree │ └── colors@1.0.3
114 silly currentTree ├── clone@1.0.4
114 silly currentTree ├── collection-visit@1.0.0
114 silly currentTree ├── color-convert@1.9.3
114 silly currentTree ├── color-name@1.1.3
114 silly currentTree ├── colors@0.6.2
114 silly currentTree ├── component-emitter@1.2.1
114 silly currentTree ├── concat-map@0.0.1
114 silly currentTree ├── configstore@3.1.2
114 silly currentTree ├── content-disposition@0.5.2
114 silly currentTree ├── content-type@1.0.4
114 silly currentTree ├── cookie-signature@1.0.6
114 silly currentTree ├── cookie@0.3.1
114 silly currentTree ├── copy-descriptor@0.1.1
114 silly currentTree ├── core-util-is@1.0.2
114 silly currentTree ├── create-error-class@3.0.2
114 silly currentTree ├── cross-spawn@5.1.0
114 silly currentTree ├── crypto-random-string@1.0.0
114 silly currentTree ├── cycle@1.0.3
114 silly currentTree ├── debug@2.6.9
114 silly currentTree ├── decode-uri-component@0.2.0
114 silly currentTree ├── deep-equal@1.0.1
114 silly currentTree ├── deep-extend@0.6.0
114 silly currentTree ├─┬ define-property@2.0.2
114 silly currentTree │ ├── is-accessor-descriptor@1.0.0
114 silly currentTree │ ├── is-data-descriptor@1.0.0
114 silly currentTree │ └── is-descriptor@1.0.2
114 silly currentTree ├── defined@0.0.0
114 silly currentTree ├── depd@1.1.2
114 silly currentTree ├── destroy@1.0.4
114 silly currentTree ├── director@1.2.7
114 silly currentTree ├── dot-prop@4.2.0
114 silly currentTree ├── duplexer3@0.1.4
114 silly currentTree ├── ee-first@1.1.1
114 silly currentTree ├── ejs@2.6.1
114 silly currentTree ├── encodeurl@1.0.2
114 silly currentTree ├── escape-html@1.0.3
114 silly currentTree ├── escape-string-regexp@1.0.5
114 silly currentTree ├── etag@1.8.1
114 silly currentTree ├─┬ event-stream@0.5.3
114 silly currentTree │ └── optimist@0.2.8
114 silly currentTree ├── eventemitter2@0.4.14
114 silly currentTree ├── execa@0.7.0
114 silly currentTree ├─┬ expand-brackets@2.1.4
114 silly currentTree │ ├── define-property@0.2.5
114 silly currentTree │ └── extend-shallow@2.0.1
114 silly currentTree ├─┬ expand-range@1.8.2
114 silly currentTree │ ├── fill-range@2.2.4
114 silly currentTree │ ├── is-number@2.1.0
114 silly currentTree │ ├── isobject@2.1.0
114 silly currentTree │ └── kind-of@3.2.2
114 silly currentTree ├─┬ express@4.16.3
114 silly currentTree │ ├── body-parser@1.18.2
114 silly currentTree │ ├── iconv-lite@0.4.19
114 silly currentTree │ └─┬ raw-body@2.3.2
114 silly currentTree │   ├── depd@1.1.1
114 silly currentTree │   ├── http-errors@1.6.2
114 silly currentTree │   └── setprototypeof@1.0.3
114 silly currentTree ├─┬ extend-shallow@3.0.2
114 silly currentTree │ └── is-extendable@1.0.1
114 silly currentTree ├─┬ extglob@2.0.4
114 silly currentTree │ ├── define-property@1.0.0
114 silly currentTree │ ├── extend-shallow@2.0.1
114 silly currentTree │ ├── is-accessor-descriptor@1.0.0
114 silly currentTree │ ├── is-data-descriptor@1.0.0
114 silly currentTree │ └── is-descriptor@1.0.2
114 silly currentTree ├── eyes@0.1.8
114 silly currentTree ├── filename-regex@2.0.1
114 silly currentTree ├─┬ fill-range@4.0.0
114 silly currentTree │ └── extend-shallow@2.0.1
114 silly currentTree ├── finalhandler@1.1.1
114 silly currentTree ├─┬ flatiron@0.4.3
114 silly currentTree │ ├── minimist@0.0.10
114 silly currentTree │ └── optimist@0.6.0
114 silly currentTree ├── for-in@1.0.2
114 silly currentTree ├── for-own@0.1.5
114 silly currentTree ├─┬ forever-monitor@1.7.1
114 silly currentTree │ ├── anymatch@1.3.2
114 silly currentTree │ ├── arr-diff@2.0.0
114 silly currentTree │ ├── array-unique@0.2.1
114 silly currentTree │ ├── braces@1.8.5
114 silly currentTree │ ├── chokidar@1.7.0
114 silly currentTree │ ├── expand-brackets@0.1.5
114 silly currentTree │ ├── extglob@0.3.2
114 silly currentTree │ ├── glob-parent@2.0.0
114 silly currentTree │ ├── is-extglob@1.0.0
114 silly currentTree │ ├── is-glob@2.0.1
114 silly currentTree │ ├── kind-of@3.2.2
114 silly currentTree │ └── micromatch@2.3.11
114 silly currentTree ├── forever@0.15.3
114 silly currentTree ├── forwarded@0.1.2
114 silly currentTree ├── fragment-cache@0.2.1
114 silly currentTree ├── fresh@0.5.2
114 silly currentTree ├── fs.realpath@1.0.0
114 silly currentTree ├── g@2.0.1
114 silly currentTree ├── get-stream@3.0.0
114 silly currentTree ├── get-value@2.0.6
114 silly currentTree ├─┬ glob-base@0.3.0
114 silly currentTree │ ├── glob-parent@2.0.0
114 silly currentTree │ ├── is-extglob@1.0.0
114 silly currentTree │ └── is-glob@2.0.1
114 silly currentTree ├─┬ glob-parent@3.1.0
114 silly currentTree │ └── is-glob@3.1.0
114 silly currentTree ├── glob@7.1.3
114 silly currentTree ├── global-dirs@0.1.1
114 silly currentTree ├── got@6.7.1
114 silly currentTree ├── graceful-fs@4.1.15
114 silly currentTree ├── has-flag@3.0.0
114 silly currentTree ├── has-value@1.0.0
114 silly currentTree ├─┬ has-values@1.0.0
114 silly currentTree │ └── kind-of@4.0.0
114 silly currentTree ├── http-errors@1.6.3
114 silly currentTree ├── i@0.3.6
114 silly currentTree ├── iconv-lite@0.4.23
114 silly currentTree ├── ignore-by-default@1.0.1
114 silly currentTree ├── import-lazy@2.1.0
114 silly currentTree ├── imurmurhash@0.1.4
114 silly currentTree ├── inflight@1.0.6
114 silly currentTree ├── inherits@2.0.3
114 silly currentTree ├── ini@1.3.5
114 silly currentTree ├── ipaddr.js@1.8.0
114 silly currentTree ├─┬ is-accessor-descriptor@0.1.6
114 silly currentTree │ └── kind-of@3.2.2
114 silly currentTree ├── is-binary-path@1.0.1
114 silly currentTree ├── is-buffer@1.1.6
114 silly currentTree ├── is-ci@1.2.1
114 silly currentTree ├─┬ is-data-descriptor@0.1.4
114 silly currentTree │ └── kind-of@3.2.2
114 silly currentTree ├─┬ is-descriptor@0.1.6
114 silly currentTree │ └── kind-of@5.1.0
114 silly currentTree ├── is-dotfile@1.0.3
114 silly currentTree ├── is-equal-shallow@0.1.3
114 silly currentTree ├── is-extendable@0.1.1
114 silly currentTree ├── is-extglob@2.1.1
114 silly currentTree ├── is-fullwidth-code-point@2.0.0
114 silly currentTree ├── is-glob@4.0.0
114 silly currentTree ├── is-installed-globally@0.1.0
114 silly currentTree ├── is-npm@1.0.0
114 silly currentTree ├─┬ is-number@3.0.0
114 silly currentTree │ └── kind-of@3.2.2
114 silly currentTree ├── is-obj@1.0.1
114 silly currentTree ├── is-path-inside@1.0.1
114 silly currentTree ├── is-plain-object@2.0.4
114 silly currentTree ├── is-posix-bracket@0.1.1
114 silly currentTree ├── is-primitive@2.0.0
114 silly currentTree ├── is-redirect@1.0.0
114 silly currentTree ├── is-retry-allowed@1.1.0
114 silly currentTree ├── is-stream@1.1.0
114 silly currentTree ├── is-windows@1.0.2
114 silly currentTree ├── isarray@1.0.0
114 silly currentTree ├── isexe@2.0.0
114 silly currentTree ├── isobject@3.0.1
114 silly currentTree ├── isstream@0.1.2
114 silly currentTree ├── jsonify@0.0.0
114 silly currentTree ├── kind-of@6.0.2
114 silly currentTree ├── latest-version@3.1.0
114 silly currentTree ├── lazy@1.0.11
114 silly currentTree ├── lodash.debounce@4.0.8
114 silly currentTree ├── lowercase-keys@1.0.1
114 silly currentTree ├── lru-cache@4.1.5
114 silly currentTree ├── make-dir@1.3.0
114 silly currentTree ├── map-cache@0.2.2
114 silly currentTree ├── map-visit@1.0.0
114 silly currentTree ├── math-random@1.0.4
114 silly currentTree ├── media-typer@0.3.0
114 silly currentTree ├── merge-descriptors@1.0.1
114 silly currentTree ├── methods@1.1.2
114 silly currentTree ├── micromatch@3.1.10
114 silly currentTree ├── mime-db@1.36.0
114 silly currentTree ├── mime-types@2.1.20
114 silly currentTree ├── mime@1.4.1
114 silly currentTree ├── minimatch@3.0.4
114 silly currentTree ├── minimist@1.2.0
114 silly currentTree ├─┬ mixin-deep@1.3.1
114 silly currentTree │ └── is-extendable@1.0.1
114 silly currentTree ├─┬ mkdirp@0.5.1
114 silly currentTree │ └── minimist@0.0.8
114 silly currentTree ├── ms@2.0.0
114 silly currentTree ├── mute-stream@0.0.8
114 silly currentTree ├── nanomatch@1.2.13
114 silly currentTree ├─┬ nconf@0.6.9
114 silly currentTree │ ├── async@0.2.9
114 silly currentTree │ ├── minimist@0.0.10
114 silly currentTree │ └── optimist@0.6.0
114 silly currentTree ├── ncp@0.4.2
114 silly currentTree ├── negotiator@0.6.1
114 silly currentTree ├─┬ nodemon@1.18.9
114 silly currentTree │ ├── debug@3.2.6
114 silly currentTree │ └── ms@2.1.1
114 silly currentTree ├── nopt@1.0.10
114 silly currentTree ├── normalize-path@2.1.1
114 silly currentTree ├── npm-run-path@2.0.2
114 silly currentTree ├── nssocket@0.5.3
114 silly currentTree ├── object-assign@3.0.0
114 silly currentTree ├─┬ object-copy@0.1.0
114 silly currentTree │ ├── define-property@0.2.5
114 silly currentTree │ └── kind-of@3.2.2
114 silly currentTree ├── object-visit@1.0.1
114 silly currentTree ├── object.omit@2.0.1
114 silly currentTree ├── object.pick@1.3.0
114 silly currentTree ├── on-finished@2.3.0
114 silly currentTree ├── once@1.4.0
114 silly currentTree ├─┬ optimist@0.6.1
114 silly currentTree │ └── minimist@0.0.10
114 silly currentTree ├── p-finally@1.0.0
114 silly currentTree ├── package-json@4.0.1
114 silly currentTree ├─┬ parse-glob@3.0.4
114 silly currentTree │ ├── is-extglob@1.0.0
114 silly currentTree │ └── is-glob@2.0.1
114 silly currentTree ├── parseurl@1.3.2
114 silly currentTree ├── pascalcase@0.1.1
114 silly currentTree ├── path-dirname@1.0.2
114 silly currentTree ├── path-is-absolute@1.0.1
114 silly currentTree ├── path-is-inside@1.0.2
114 silly currentTree ├── path-key@2.0.1
114 silly currentTree ├── path-to-regexp@0.1.7
114 silly currentTree ├── pify@3.0.0
114 silly currentTree ├── pkginfo@0.3.1
114 silly currentTree ├── posix-character-classes@0.1.1
114 silly currentTree ├── prepend-http@1.0.4
114 silly currentTree ├── preserve@0.2.0
114 silly currentTree ├─┬ prettyjson@1.2.1
114 silly currentTree │ └── colors@1.3.3
114 silly currentTree ├── process-nextick-args@2.0.0
114 silly currentTree ├── prompt@0.2.14
114 silly currentTree ├── proxy-addr@2.0.4
114 silly currentTree ├── ps-tree@0.0.3
114 silly currentTree ├── pseudomap@1.0.2
114 silly currentTree ├── pstree.remy@1.1.6
114 silly currentTree ├── qs@6.5.1
114 silly currentTree ├─┬ randomatic@3.1.1
114 silly currentTree │ └── is-number@4.0.0
114 silly currentTree ├── range-parser@1.2.0
114 silly currentTree ├── raw-body@2.3.3
114 silly currentTree ├── rc@1.2.8
114 silly currentTree ├── read@1.0.7
114 silly currentTree ├── readable-stream@2.3.6
114 silly currentTree ├── readdirp@2.2.1
114 silly currentTree ├── regex-cache@0.4.4
114 silly currentTree ├── regex-not@1.0.2
114 silly currentTree ├── registry-auth-token@3.3.2
114 silly currentTree ├── registry-url@3.1.0
114 silly currentTree ├── remove-trailing-separator@1.1.0
114 silly currentTree ├── repeat-element@1.1.3
114 silly currentTree ├── repeat-string@1.6.1
114 silly currentTree ├── resolve-url@0.2.1
114 silly currentTree ├── resumer@0.0.0
114 silly currentTree ├── ret@0.1.15
114 silly currentTree ├── revalidator@0.1.8
114 silly currentTree ├── rimraf@2.6.3
114 silly currentTree ├── safe-buffer@5.1.1
114 silly currentTree ├── safe-regex@1.1.0
114 silly currentTree ├── safer-buffer@2.1.2
114 silly currentTree ├── semver-diff@2.1.0
114 silly currentTree ├── semver@5.6.0
114 silly currentTree ├── send@0.16.2
114 silly currentTree ├── serve-static@1.13.2
114 silly currentTree ├─┬ set-value@2.0.0
114 silly currentTree │ └── extend-shallow@2.0.1
114 silly currentTree ├── setprototypeof@1.1.0
114 silly currentTree ├── shebang-command@1.2.0
114 silly currentTree ├── shebang-regex@1.0.0
114 silly currentTree ├─┬ shush@1.0.0
114 silly currentTree │ └── strip-json-comments@0.1.3
114 silly currentTree ├── signal-exit@3.0.2
114 silly currentTree ├─┬ snapdragon-node@2.1.1
114 silly currentTree │ ├── define-property@1.0.0
114 silly currentTree │ ├── is-accessor-descriptor@1.0.0
114 silly currentTree │ ├── is-data-descriptor@1.0.0
114 silly currentTree │ └── is-descriptor@1.0.2
114 silly currentTree ├─┬ snapdragon-util@3.0.1
114 silly currentTree │ └── kind-of@3.2.2
114 silly currentTree ├─┬ snapdragon@0.8.2
114 silly currentTree │ ├── define-property@0.2.5
114 silly currentTree │ └── extend-shallow@2.0.1
114 silly currentTree ├── source-map-resolve@0.5.2
114 silly currentTree ├── source-map-url@0.4.0
114 silly currentTree ├── source-map@0.5.7
114 silly currentTree ├── split-string@3.1.0
114 silly currentTree ├── stack-trace@0.0.10
114 silly currentTree ├─┬ static-extend@0.1.2
114 silly currentTree │ └── define-property@0.2.5
114 silly currentTree ├── statuses@1.4.0
114 silly currentTree ├── string_decoder@1.1.1
114 silly currentTree ├── string-width@2.1.1
114 silly currentTree ├── strip-ansi@4.0.0
114 silly currentTree ├── strip-eof@1.0.0
114 silly currentTree ├── strip-json-comments@2.0.1
114 silly currentTree ├── supports-color@5.5.0
114 silly currentTree ├─┬ tape@2.3.3
114 silly currentTree │ └── deep-equal@0.1.2
114 silly currentTree ├── term-size@1.2.0
114 silly currentTree ├── through@2.3.8
114 silly currentTree ├── timed-out@4.0.1
114 silly currentTree ├── timespan@2.3.0
114 silly currentTree ├─┬ to-object-path@0.3.0
114 silly currentTree │ └── kind-of@3.2.2
114 silly currentTree ├── to-regex-range@2.1.1
114 silly currentTree ├── to-regex@3.0.2
114 silly currentTree ├── touch@3.1.0
114 silly currentTree ├── type-is@1.6.16
114 silly currentTree ├── undefsafe@2.0.2
114 silly currentTree ├─┬ union-value@1.0.0
114 silly currentTree │ ├── extend-shallow@2.0.1
114 silly currentTree │ └── set-value@0.4.3
114 silly currentTree ├── unique-string@1.0.0
114 silly currentTree ├── unpipe@1.0.0
114 silly currentTree ├─┬ unset-value@1.0.0
114 silly currentTree │ ├─┬ has-value@0.3.1
114 silly currentTree │ │ └── isobject@2.1.0
114 silly currentTree │ └── has-values@0.1.4
114 silly currentTree ├── unzip-response@2.0.1
114 silly currentTree ├── upath@1.1.0
114 silly currentTree ├── update-notifier@2.5.0
114 silly currentTree ├── urix@0.1.0
114 silly currentTree ├── url-parse-lax@1.0.0
114 silly currentTree ├── use@3.1.1
114 silly currentTree ├── util-deprecate@1.0.2
114 silly currentTree ├── utile@0.2.1
114 silly currentTree ├── utils-merge@1.0.1
114 silly currentTree ├── vary@1.1.2
114 silly currentTree ├── which@1.3.1
114 silly currentTree ├── widest-line@2.0.1
114 silly currentTree ├── winston@0.8.3
114 silly currentTree ├── wordwrap@0.0.3
114 silly currentTree ├── wrappy@1.0.2
114 silly currentTree ├── write-file-atomic@2.3.0
114 silly currentTree ├── xdg-basedir@3.0.0
114 silly currentTree └── yallist@2.1.2
115 silly idealTree Website@1.0.0
115 silly idealTree ├── abbrev@1.1.1
115 silly idealTree ├── accepts@1.3.5
115 silly idealTree ├── ansi-align@2.0.0
115 silly idealTree ├── ansi-regex@3.0.0
115 silly idealTree ├── ansi-styles@3.2.1
115 silly idealTree ├── anymatch@2.0.0
115 silly idealTree ├── arr-diff@4.0.0
115 silly idealTree ├── arr-flatten@1.1.0
115 silly idealTree ├── arr-union@3.1.0
115 silly idealTree ├── array-flatten@1.1.1
115 silly idealTree ├── array-unique@0.3.2
115 silly idealTree ├── assign-symbols@1.0.0
115 silly idealTree ├── async-each@1.0.1
115 silly idealTree ├── async@0.2.10
115 silly idealTree ├── atob@2.1.2
115 silly idealTree ├── balanced-match@1.0.0
115 silly idealTree ├─┬ base@0.11.2
115 silly idealTree │ ├── define-property@1.0.0
115 silly idealTree │ ├── is-accessor-descriptor@1.0.0
115 silly idealTree │ ├── is-data-descriptor@1.0.0
115 silly idealTree │ └── is-descriptor@1.0.2
115 silly idealTree ├── binary-extensions@1.12.0
115 silly idealTree ├─┬ body-parser@1.18.3
115 silly idealTree │ └── qs@6.5.2
115 silly idealTree ├── boxen@1.3.0
115 silly idealTree ├── brace-expansion@1.1.11
115 silly idealTree ├─┬ braces@2.3.2
115 silly idealTree │ └── extend-shallow@2.0.1
115 silly idealTree ├─┬ broadway@0.3.6
115 silly idealTree │ ├── cliff@0.1.9
115 silly idealTree │ └── winston@0.8.0
115 silly idealTree ├── bytes@3.0.0
115 silly idealTree ├── cache-base@1.0.1
115 silly idealTree ├── caller@0.0.1
115 silly idealTree ├── camelcase@4.1.0
115 silly idealTree ├── capture-stack-trace@1.0.1
115 silly idealTree ├── chalk@2.4.2
115 silly idealTree ├── chokidar@2.0.4
115 silly idealTree ├── ci-info@1.6.0
115 silly idealTree ├─┬ class-utils@0.3.6
115 silly idealTree │ └── define-property@0.2.5
115 silly idealTree ├── cli-boxes@1.0.0
115 silly idealTree ├─┬ cliff@0.1.10
115 silly idealTree │ └── colors@1.0.3
115 silly idealTree ├── clone@1.0.4
115 silly idealTree ├── collection-visit@1.0.0
115 silly idealTree ├── color-convert@1.9.3
115 silly idealTree ├── color-name@1.1.3
115 silly idealTree ├── colors@0.6.2
115 silly idealTree ├── component-emitter@1.2.1
115 silly idealTree ├── concat-map@0.0.1
115 silly idealTree ├── configstore@3.1.2
115 silly idealTree ├── content-disposition@0.5.2
115 silly idealTree ├── content-type@1.0.4
115 silly idealTree ├── cookie-signature@1.0.6
115 silly idealTree ├── cookie@0.3.1
115 silly idealTree ├── copy-descriptor@0.1.1
115 silly idealTree ├── core-util-is@1.0.2
115 silly idealTree ├── create-error-class@3.0.2
115 silly idealTree ├── cross-spawn@5.1.0
115 silly idealTree ├── crypto-random-string@1.0.0
115 silly idealTree ├── cycle@1.0.3
115 silly idealTree ├── debug@2.6.9
115 silly idealTree ├── decode-uri-component@0.2.0
115 silly idealTree ├── deep-equal@1.0.1
115 silly idealTree ├── deep-extend@0.6.0
115 silly idealTree ├─┬ define-property@2.0.2
115 silly idealTree │ ├── is-accessor-descriptor@1.0.0
115 silly idealTree │ ├── is-data-descriptor@1.0.0
115 silly idealTree │ └── is-descriptor@1.0.2
115 silly idealTree ├── defined@0.0.0
115 silly idealTree ├── depd@1.1.2
115 silly idealTree ├── destroy@1.0.4
115 silly idealTree ├── director@1.2.7
115 silly idealTree ├── dot-prop@4.2.0
115 silly idealTree ├── duplexer3@0.1.4
115 silly idealTree ├── ee-first@1.1.1
115 silly idealTree ├── ejs@2.6.1
115 silly idealTree ├── encodeurl@1.0.2
115 silly idealTree ├── escape-html@1.0.3
115 silly idealTree ├── escape-string-regexp@1.0.5
115 silly idealTree ├── etag@1.8.1
115 silly idealTree ├─┬ event-stream@0.5.3
115 silly idealTree │ └── optimist@0.2.8
115 silly idealTree ├── eventemitter2@0.4.14
115 silly idealTree ├── execa@0.7.0
115 silly idealTree ├─┬ expand-brackets@2.1.4
115 silly idealTree │ ├── define-property@0.2.5
115 silly idealTree │ └── extend-shallow@2.0.1
115 silly idealTree ├─┬ expand-range@1.8.2
115 silly idealTree │ ├── fill-range@2.2.4
115 silly idealTree │ ├── is-number@2.1.0
115 silly idealTree │ ├── isobject@2.1.0
115 silly idealTree │ └── kind-of@3.2.2
115 silly idealTree ├─┬ express@4.16.3
115 silly idealTree │ ├── body-parser@1.18.2
115 silly idealTree │ ├── iconv-lite@0.4.19
115 silly idealTree │ └─┬ raw-body@2.3.2
115 silly idealTree │   ├── depd@1.1.1
115 silly idealTree │   ├── http-errors@1.6.2
115 silly idealTree │   └── setprototypeof@1.0.3
115 silly idealTree ├─┬ extend-shallow@3.0.2
115 silly idealTree │ └── is-extendable@1.0.1
115 silly idealTree ├─┬ extglob@2.0.4
115 silly idealTree │ ├── define-property@1.0.0
115 silly idealTree │ ├── extend-shallow@2.0.1
115 silly idealTree │ ├── is-accessor-descriptor@1.0.0
115 silly idealTree │ ├── is-data-descriptor@1.0.0
115 silly idealTree │ └── is-descriptor@1.0.2
115 silly idealTree ├── eyes@0.1.8
115 silly idealTree ├── filename-regex@2.0.1
115 silly idealTree ├─┬ fill-range@4.0.0
115 silly idealTree │ └── extend-shallow@2.0.1
115 silly idealTree ├── finalhandler@1.1.1
115 silly idealTree ├─┬ flatiron@0.4.3
115 silly idealTree │ ├── minimist@0.0.10
115 silly idealTree │ └── optimist@0.6.0
115 silly idealTree ├── for-in@1.0.2
115 silly idealTree ├── for-own@0.1.5
115 silly idealTree ├─┬ forever-monitor@1.7.1
115 silly idealTree │ ├── anymatch@1.3.2
115 silly idealTree │ ├── arr-diff@2.0.0
115 silly idealTree │ ├── array-unique@0.2.1
115 silly idealTree │ ├── braces@1.8.5
115 silly idealTree │ ├── chokidar@1.7.0
115 silly idealTree │ ├── expand-brackets@0.1.5
115 silly idealTree │ ├── extglob@0.3.2
115 silly idealTree │ ├── glob-parent@2.0.0
115 silly idealTree │ ├── is-extglob@1.0.0
115 silly idealTree │ ├── is-glob@2.0.1
115 silly idealTree │ ├── kind-of@3.2.2
115 silly idealTree │ └── micromatch@2.3.11
115 silly idealTree ├── forever@0.15.3
115 silly idealTree ├── forwarded@0.1.2
115 silly idealTree ├── fragment-cache@0.2.1
115 silly idealTree ├── fresh@0.5.2
115 silly idealTree ├── fs.realpath@1.0.0
115 silly idealTree ├── g@2.0.1
115 silly idealTree ├── get-stream@3.0.0
115 silly idealTree ├── get-value@2.0.6
115 silly idealTree ├─┬ glob-base@0.3.0
115 silly idealTree │ ├── glob-parent@2.0.0
115 silly idealTree │ ├── is-extglob@1.0.0
115 silly idealTree │ └── is-glob@2.0.1
115 silly idealTree ├─┬ glob-parent@3.1.0
115 silly idealTree │ └── is-glob@3.1.0
115 silly idealTree ├── glob@7.1.3
115 silly idealTree ├── global-dirs@0.1.1
115 silly idealTree ├── got@6.7.1
115 silly idealTree ├── graceful-fs@4.1.15
115 silly idealTree ├── has-flag@3.0.0
115 silly idealTree ├── has-value@1.0.0
115 silly idealTree ├─┬ has-values@1.0.0
115 silly idealTree │ └── kind-of@4.0.0
115 silly idealTree ├── http-errors@1.6.3
115 silly idealTree ├── i@0.3.6
115 silly idealTree ├── iconv-lite@0.4.23
115 silly idealTree ├── ignore-by-default@1.0.1
115 silly idealTree ├── import-lazy@2.1.0
115 silly idealTree ├── imurmurhash@0.1.4
115 silly idealTree ├── inflight@1.0.6
115 silly idealTree ├── inherits@2.0.3
115 silly idealTree ├── ini@1.3.5
115 silly idealTree ├── ipaddr.js@1.8.0
115 silly idealTree ├─┬ is-accessor-descriptor@0.1.6
115 silly idealTree │ └── kind-of@3.2.2
115 silly idealTree ├── is-binary-path@1.0.1
115 silly idealTree ├── is-buffer@1.1.6
115 silly idealTree ├── is-ci@1.2.1
115 silly idealTree ├─┬ is-data-descriptor@0.1.4
115 silly idealTree │ └── kind-of@3.2.2
115 silly idealTree ├─┬ is-descriptor@0.1.6
115 silly idealTree │ └── kind-of@5.1.0
115 silly idealTree ├── is-dotfile@1.0.3
115 silly idealTree ├── is-equal-shallow@0.1.3
115 silly idealTree ├── is-extendable@0.1.1
115 silly idealTree ├── is-extglob@2.1.1
115 silly idealTree ├── is-fullwidth-code-point@2.0.0
115 silly idealTree ├── is-glob@4.0.0
115 silly idealTree ├── is-installed-globally@0.1.0
115 silly idealTree ├── is-npm@1.0.0
115 silly idealTree ├─┬ is-number@3.0.0
115 silly idealTree │ └── kind-of@3.2.2
115 silly idealTree ├── is-obj@1.0.1
115 silly idealTree ├── is-path-inside@1.0.1
115 silly idealTree ├── is-plain-object@2.0.4
115 silly idealTree ├── is-posix-bracket@0.1.1
115 silly idealTree ├── is-primitive@2.0.0
115 silly idealTree ├── is-redirect@1.0.0
115 silly idealTree ├── is-retry-allowed@1.1.0
115 silly idealTree ├── is-stream@1.1.0
115 silly idealTree ├── is-windows@1.0.2
115 silly idealTree ├── isarray@1.0.0
115 silly idealTree ├── isexe@2.0.0
115 silly idealTree ├── isobject@3.0.1
115 silly idealTree ├── isstream@0.1.2
115 silly idealTree ├── jsonify@0.0.0
115 silly idealTree ├── kind-of@6.0.2
115 silly idealTree ├── latest-version@3.1.0
115 silly idealTree ├── lazy@1.0.11
115 silly idealTree ├── lodash.debounce@4.0.8
115 silly idealTree ├── lowercase-keys@1.0.1
115 silly idealTree ├── lru-cache@4.1.5
115 silly idealTree ├── make-dir@1.3.0
115 silly idealTree ├── map-cache@0.2.2
115 silly idealTree ├── map-visit@1.0.0
115 silly idealTree ├── math-random@1.0.4
115 silly idealTree ├── media-typer@0.3.0
115 silly idealTree ├── merge-descriptors@1.0.1
115 silly idealTree ├── methods@1.1.2
115 silly idealTree ├── micromatch@3.1.10
115 silly idealTree ├── mime-db@1.36.0
115 silly idealTree ├── mime-types@2.1.20
115 silly idealTree ├── mime@1.4.1
115 silly idealTree ├── minimatch@3.0.4
115 silly idealTree ├── minimist@1.2.0
115 silly idealTree ├─┬ mixin-deep@1.3.1
115 silly idealTree │ └── is-extendable@1.0.1
115 silly idealTree ├─┬ mkdirp@0.5.1
115 silly idealTree │ └── minimist@0.0.8
115 silly idealTree ├── ms@2.0.0
115 silly idealTree ├── mute-stream@0.0.8
115 silly idealTree ├── nanomatch@1.2.13
115 silly idealTree ├─┬ nconf@0.6.9
115 silly idealTree │ ├── async@0.2.9
115 silly idealTree │ ├── minimist@0.0.10
115 silly idealTree │ └── optimist@0.6.0
115 silly idealTree ├── ncp@0.4.2
115 silly idealTree ├── negotiator@0.6.1
115 silly idealTree ├─┬ nodemon@1.18.9
115 silly idealTree │ ├── debug@3.2.6
115 silly idealTree │ └── ms@2.1.1
115 silly idealTree ├── nopt@1.0.10
115 silly idealTree ├── normalize-path@2.1.1
115 silly idealTree ├── npm-run-path@2.0.2
115 silly idealTree ├── nssocket@0.5.3
115 silly idealTree ├── object-assign@3.0.0
115 silly idealTree ├─┬ object-copy@0.1.0
115 silly idealTree │ ├── define-property@0.2.5
115 silly idealTree │ └── kind-of@3.2.2
115 silly idealTree ├── object-visit@1.0.1
115 silly idealTree ├── object.omit@2.0.1
115 silly idealTree ├── object.pick@1.3.0
115 silly idealTree ├── on-finished@2.3.0
115 silly idealTree ├── once@1.4.0
115 silly idealTree ├─┬ optimist@0.6.1
115 silly idealTree │ └── minimist@0.0.10
115 silly idealTree ├── p-finally@1.0.0
115 silly idealTree ├── package-json@4.0.1
115 silly idealTree ├─┬ parse-glob@3.0.4
115 silly idealTree │ ├── is-extglob@1.0.0
115 silly idealTree │ └── is-glob@2.0.1
115 silly idealTree ├── parseurl@1.3.2
115 silly idealTree ├── pascalcase@0.1.1
115 silly idealTree ├── path-dirname@1.0.2
115 silly idealTree ├── path-is-absolute@1.0.1
115 silly idealTree ├── path-is-inside@1.0.2
115 silly idealTree ├── path-key@2.0.1
115 silly idealTree ├── path-to-regexp@0.1.7
115 silly idealTree ├── pify@3.0.0
115 silly idealTree ├── pkginfo@0.3.1
115 silly idealTree ├── posix-character-classes@0.1.1
115 silly idealTree ├── prepend-http@1.0.4
115 silly idealTree ├── preserve@0.2.0
115 silly idealTree ├─┬ prettyjson@1.2.1
115 silly idealTree │ └── colors@1.3.3
115 silly idealTree ├── process-nextick-args@2.0.0
115 silly idealTree ├── prompt@0.2.14
115 silly idealTree ├── proxy-addr@2.0.4
115 silly idealTree ├── ps-tree@0.0.3
115 silly idealTree ├── pseudomap@1.0.2
115 silly idealTree ├── pstree.remy@1.1.6
115 silly idealTree ├── qs@6.5.1
115 silly idealTree ├─┬ randomatic@3.1.1
115 silly idealTree │ └── is-number@4.0.0
115 silly idealTree ├── range-parser@1.2.0
115 silly idealTree ├── raw-body@2.3.3
115 silly idealTree ├── rc@1.2.8
115 silly idealTree ├── read@1.0.7
115 silly idealTree ├── readable-stream@2.3.6
115 silly idealTree ├── readdirp@2.2.1
115 silly idealTree ├── regex-cache@0.4.4
115 silly idealTree ├── regex-not@1.0.2
115 silly idealTree ├── registry-auth-token@3.3.2
115 silly idealTree ├── registry-url@3.1.0
115 silly idealTree ├── remove-trailing-separator@1.1.0
115 silly idealTree ├── repeat-element@1.1.3
115 silly idealTree ├── repeat-string@1.6.1
115 silly idealTree ├── resolve-url@0.2.1
115 silly idealTree ├── resumer@0.0.0
115 silly idealTree ├── ret@0.1.15
115 silly idealTree ├── revalidator@0.1.8
115 silly idealTree ├── rimraf@2.6.3
115 silly idealTree ├── safe-buffer@5.1.1
115 silly idealTree ├── safe-regex@1.1.0
115 silly idealTree ├── safer-buffer@2.1.2
115 silly idealTree ├── semver-diff@2.1.0
115 silly idealTree ├── semver@5.6.0
115 silly idealTree ├── send@0.16.2
115 silly idealTree ├── serve-static@1.13.2
115 silly idealTree ├─┬ set-value@2.0.0
115 silly idealTree │ └── extend-shallow@2.0.1
115 silly idealTree ├── setprototypeof@1.1.0
115 silly idealTree ├── shebang-command@1.2.0
115 silly idealTree ├── shebang-regex@1.0.0
115 silly idealTree ├─┬ shush@1.0.0
115 silly idealTree │ └── strip-json-comments@0.1.3
115 silly idealTree ├── signal-exit@3.0.2
115 silly idealTree ├─┬ snapdragon-node@2.1.1
115 silly idealTree │ ├── define-property@1.0.0
115 silly idealTree │ ├── is-accessor-descriptor@1.0.0
115 silly idealTree │ ├── is-data-descriptor@1.0.0
115 silly idealTree │ └── is-descriptor@1.0.2
115 silly idealTree ├─┬ snapdragon-util@3.0.1
115 silly idealTree │ └── kind-of@3.2.2
115 silly idealTree ├─┬ snapdragon@0.8.2
115 silly idealTree │ ├── define-property@0.2.5
115 silly idealTree │ └── extend-shallow@2.0.1
115 silly idealTree ├── source-map-resolve@0.5.2
115 silly idealTree ├── source-map-url@0.4.0
115 silly idealTree ├── source-map@0.5.7
115 silly idealTree ├── split-string@3.1.0
115 silly idealTree ├── stack-trace@0.0.10
115 silly idealTree ├─┬ static-extend@0.1.2
115 silly idealTree │ └── define-property@0.2.5
115 silly idealTree ├── statuses@1.4.0
115 silly idealTree ├── string_decoder@1.1.1
115 silly idealTree ├── string-width@2.1.1
115 silly idealTree ├── strip-ansi@4.0.0
115 silly idealTree ├── strip-eof@1.0.0
115 silly idealTree ├── strip-json-comments@2.0.1
115 silly idealTree ├── supports-color@5.5.0
115 silly idealTree ├─┬ tape@2.3.3
115 silly idealTree │ └── deep-equal@0.1.2
115 silly idealTree ├── term-size@1.2.0
115 silly idealTree ├── through@2.3.8
115 silly idealTree ├── timed-out@4.0.1
115 silly idealTree ├── timespan@2.3.0
115 silly idealTree ├─┬ to-object-path@0.3.0
115 silly idealTree │ └── kind-of@3.2.2
115 silly idealTree ├── to-regex-range@2.1.1
115 silly idealTree ├── to-regex@3.0.2
115 silly idealTree ├── touch@3.1.0
115 silly idealTree ├── type-is@1.6.16
115 silly idealTree ├── undefsafe@2.0.2
115 silly idealTree ├─┬ union-value@1.0.0
115 silly idealTree │ ├── extend-shallow@2.0.1
115 silly idealTree │ └── set-value@0.4.3
115 silly idealTree ├── unique-string@1.0.0
115 silly idealTree ├── unpipe@1.0.0
115 silly idealTree ├─┬ unset-value@1.0.0
115 silly idealTree │ ├─┬ has-value@0.3.1
115 silly idealTree │ │ └── isobject@2.1.0
115 silly idealTree │ └── has-values@0.1.4
115 silly idealTree ├── unzip-response@2.0.1
115 silly idealTree ├── upath@1.1.0
115 silly idealTree ├── update-notifier@2.5.0
115 silly idealTree ├── urix@0.1.0
115 silly idealTree ├── url-parse-lax@1.0.0
115 silly idealTree ├── use@3.1.1
115 silly idealTree ├── util-deprecate@1.0.2
115 silly idealTree ├── utile@0.2.1
115 silly idealTree ├── utils-merge@1.0.1
115 silly idealTree ├── vary@1.1.2
115 silly idealTree ├── which@1.3.1
115 silly idealTree ├── widest-line@2.0.1
115 silly idealTree ├── winston@0.8.3
115 silly idealTree ├── wordwrap@0.0.3
115 silly idealTree ├── wrappy@1.0.2
115 silly idealTree ├── write-file-atomic@2.3.0
115 silly idealTree ├── xdg-basedir@3.0.0
115 silly idealTree └── yallist@2.1.2
116 silly generateActionsToTake Starting
117 silly install generateActionsToTake
118 silly generateActionsToTake Finishing
119 silly diffTrees action count 5
120 silly diffTrees add qs@6.5.2
121 silly diffTrees add body-parser@1.18.3
122 silly diffTrees update ejs@2.6.1
123 silly diffTrees update express@4.16.3
124 silly diffTrees update forever@0.15.3
125 silly decomposeActions action count 40
126 silly decomposeActions fetch qs@6.5.2
127 silly decomposeActions extract qs@6.5.2
128 silly decomposeActions test qs@6.5.2
129 silly decomposeActions preinstall qs@6.5.2
130 silly decomposeActions build qs@6.5.2
131 silly decomposeActions install qs@6.5.2
132 silly decomposeActions postinstall qs@6.5.2
133 silly decomposeActions finalize qs@6.5.2
134 silly decomposeActions fetch body-parser@1.18.3
135 silly decomposeActions extract body-parser@1.18.3
136 silly decomposeActions test body-parser@1.18.3
137 silly decomposeActions preinstall body-parser@1.18.3
138 silly decomposeActions build body-parser@1.18.3
139 silly decomposeActions install body-parser@1.18.3
140 silly decomposeActions postinstall body-parser@1.18.3
141 silly decomposeActions finalize body-parser@1.18.3
142 silly decomposeActions fetch ejs@2.6.1
143 silly decomposeActions extract ejs@2.6.1
144 silly decomposeActions test ejs@2.6.1
145 silly decomposeActions preinstall ejs@2.6.1
146 silly decomposeActions build ejs@2.6.1
147 silly decomposeActions install ejs@2.6.1
148 silly decomposeActions postinstall ejs@2.6.1
149 silly decomposeActions finalize ejs@2.6.1
150 silly decomposeActions fetch express@4.16.3
151 silly decomposeActions extract express@4.16.3
152 silly decomposeActions test express@4.16.3
153 silly decomposeActions preinstall express@4.16.3
154 silly decomposeActions build express@4.16.3
155 silly decomposeActions install express@4.16.3
156 silly decomposeActions postinstall express@4.16.3
157 silly decomposeActions finalize express@4.16.3
158 silly decomposeActions fetch forever@0.15.3
159 silly decomposeActions extract forever@0.15.3
160 silly decomposeActions test forever@0.15.3
161 silly decomposeActions preinstall forever@0.15.3
162 silly decomposeActions build forever@0.15.3
163 silly decomposeActions install forever@0.15.3
164 silly decomposeActions postinstall forever@0.15.3
165 silly decomposeActions finalize forever@0.15.3
166 silly executeActions Starting
167 silly install executeActions
168 silly doSerial global-install 0
169 silly doParallel fetch 5
170 verbose lock using /home/ubuntu/.npm/_locks/staging-fca7826f70396a15.lock for /home/ubuntu/workspace/website/node_modules/.staging
171 silly doParallel extract 5
172 silly extract qs@6.5.2
173 silly extract body-parser@1.18.3
174 silly extract ejs@2.6.1
175 silly extract express@4.16.3
176 silly extract forever@0.15.3
177 silly addNamed ejs@2.6.1
178 verbose addNamed "2.6.1" is a plain semver version for ejs
179 silly mapToRegistry name ejs
180 silly mapToRegistry using default registry
181 silly mapToRegistry registry https://registry.npmjs.org/
182 silly mapToRegistry uri https://registry.npmjs.org/ejs
183 verbose addNameVersion registry:https://registry.npmjs.org/ejs not in flight; fetching
184 silly addNamed express@4.16.3
185 verbose addNamed "4.16.3" is a plain semver version for express
186 silly mapToRegistry name express
187 silly mapToRegistry using default registry
188 silly mapToRegistry registry https://registry.npmjs.org/
189 silly mapToRegistry uri https://registry.npmjs.org/express
190 verbose addNameVersion registry:https://registry.npmjs.org/express not in flight; fetching
191 verbose unbuild node_modules/.staging/qs-749ba290
192 verbose unbuild node_modules/.staging/body-parser-8dfdb743
193 verbose unbuild node_modules/.staging/forever-97415444
194 silly gentlyRm /home/ubuntu/workspace/website/node_modules/.staging/qs-749ba290 is being purged from base /home/ubuntu/workspace/website
195 verbose gentlyRm don't care about contents; nuking /home/ubuntu/workspace/website/node_modules/.staging/qs-749ba290
196 silly gentlyRm /home/ubuntu/workspace/website/node_modules/.staging/body-parser-8dfdb743 is being purged from base /home/ubuntu/workspace/website
197 verbose gentlyRm don't care about contents; nuking /home/ubuntu/workspace/website/node_modules/.staging/body-parser-8dfdb743
198 verbose request uri https://registry.npmjs.org/ejs
199 verbose request no auth needed
200 info attempt registry request try #1 at 7:04:42 PM
201 verbose etag W/"17682c484328abcd2ddf27bad35a86eb"
202 verbose lastModified Sat, 26 May 2018 22:51:16 GMT
203 http request GET https://registry.npmjs.org/ejs
204 verbose request uri https://registry.npmjs.org/express
205 verbose request no auth needed
206 info attempt registry request try #1 at 7:04:42 PM
207 verbose etag W/"5f7c81bb22c7e23cb41d31813d60f472"
208 verbose lastModified Wed, 16 Jan 2019 19:39:30 GMT
209 http request GET https://registry.npmjs.org/express
210 verbose tar unpack /home/ubuntu/.npm/qs/6.5.2/package.tgz
211 verbose tar unpacking to /home/ubuntu/workspace/website/node_modules/.staging/qs-749ba290
212 silly gentlyRm /home/ubuntu/workspace/website/node_modules/.staging/qs-749ba290 is being purged
213 verbose gentlyRm don't care about contents; nuking /home/ubuntu/workspace/website/node_modules/.staging/qs-749ba290
214 verbose tar unpack /home/ubuntu/.npm/body-parser/1.18.3/package.tgz
215 verbose tar unpacking to /home/ubuntu/workspace/website/node_modules/.staging/body-parser-8dfdb743
216 silly gentlyRm /home/ubuntu/workspace/website/node_modules/.staging/body-parser-8dfdb743 is being purged
217 verbose gentlyRm don't care about contents; nuking /home/ubuntu/workspace/website/node_modules/.staging/body-parser-8dfdb743
218 silly gentlyRm /home/ubuntu/workspace/website/node_modules/.staging/forever-97415444 is being purged from base /home/ubuntu/workspace/website
219 verbose gentlyRm don't care about contents; nuking /home/ubuntu/workspace/website/node_modules/.staging/forever-97415444
220 silly gunzTarPerm modes [ '755', '644' ]
221 silly gunzTarPerm modes [ '755', '644' ]
222 verbose tar unpack /home/ubuntu/.npm/forever/0.15.3/package.tgz
223 verbose tar unpacking to /home/ubuntu/workspace/website/node_modules/.staging/forever-97415444
224 silly gentlyRm /home/ubuntu/workspace/website/node_modules/.staging/forever-97415444 is being purged
225 verbose gentlyRm don't care about contents; nuking /home/ubuntu/workspace/website/node_modules/.staging/forever-97415444
226 silly gunzTarPerm modes [ '755', '644' ]
227 silly gunzTarPerm extractEntry package.json
228 silly gunzTarPerm extractEntry package.json
229 silly gunzTarPerm extractEntry package.json
230 http 304 https://registry.npmjs.org/ejs
231 verbose headers { date: 'Fri, 18 Jan 2019 19:04:42 GMT',
231 verbose headers   connection: 'keep-alive',
231 verbose headers   'set-cookie':
231 verbose headers    [ '__cfduid=d83b5557687ca33fbe6d4ef7ac7f3447c1547838282; expires=Sat, 18-Jan-20 19:04:42 GMT; path=/; domain=.registry.npmjs.org; HttpOnly' ],
231 verbose headers   'cf-cache-status': 'HIT',
231 verbose headers   'cache-control': 'max-age=300',
231 verbose headers   'cf-ray': '49b354324bd6570b-IAD',
231 verbose headers   etag: '"17682c484328abcd2ddf27bad35a86eb"',
231 verbose headers   'expect-ct': 'max-age=604800, report-uri="https://report-uri.cloudflare.com/cdn-cgi/beacon/expect-ct"',
231 verbose headers   'last-modified': 'Sat, 26 May 2018 22:51:16 GMT',
231 verbose headers   vary: 'accept-encoding, accept',
231 verbose headers   server: 'cloudflare' }
232 silly get cb [ 304,
232 silly get   { date: 'Fri, 18 Jan 2019 19:04:42 GMT',
232 silly get     connection: 'keep-alive',
232 silly get     'set-cookie':
232 silly get      [ '__cfduid=d83b5557687ca33fbe6d4ef7ac7f3447c1547838282; expires=Sat, 18-Jan-20 19:04:42 GMT; path=/; domain=.registry.npmjs.org; HttpOnly' ],
232 silly get     'cf-cache-status': 'HIT',
232 silly get     'cache-control': 'max-age=300',
232 silly get     'cf-ray': '49b354324bd6570b-IAD',
232 silly get     etag: '"17682c484328abcd2ddf27bad35a86eb"',
232 silly get     'expect-ct': 'max-age=604800, report-uri="https://report-uri.cloudflare.com/cdn-cgi/beacon/expect-ct"',
232 silly get     'last-modified': 'Sat, 26 May 2018 22:51:16 GMT',
232 silly get     vary: 'accept-encoding, accept',
232 silly get     server: 'cloudflare' } ]
233 verbose etag https://registry.npmjs.org/ejs from cache
234 verbose get saving ejs to /home/ubuntu/.npm/registry.npmjs.org/ejs/.cache.json
235 http 304 https://registry.npmjs.org/express
236 verbose headers { date: 'Fri, 18 Jan 2019 19:04:42 GMT',
236 verbose headers   connection: 'keep-alive',
236 verbose headers   'set-cookie':
236 verbose headers    [ '__cfduid=dad34bc190fd5241297bc7cc7d4c7203c1547838282; expires=Sat, 18-Jan-20 19:04:42 GMT; path=/; domain=.registry.npmjs.org; HttpOnly' ],
236 verbose headers   'cf-cache-status': 'HIT',
236 verbose headers   'cache-control': 'max-age=300',
236 verbose headers   'cf-ray': '49b354325b5357b9-IAD',
236 verbose headers   etag: '"5f7c81bb22c7e23cb41d31813d60f472"',
236 verbose headers   'expect-ct': 'max-age=604800, report-uri="https://report-uri.cloudflare.com/cdn-cgi/beacon/expect-ct"',
236 verbose headers   'last-modified': 'Wed, 16 Jan 2019 19:39:30 GMT',
236 verbose headers   vary: 'accept-encoding, accept',
236 verbose headers   'x-amz-meta-rev': '3879-5b38f2b5cc85b0197ea8f94e3af7ce31',
236 verbose headers   server: 'cloudflare' }
237 silly get cb [ 304,
237 silly get   { date: 'Fri, 18 Jan 2019 19:04:42 GMT',
237 silly get     connection: 'keep-alive',
237 silly get     'set-cookie':
237 silly get      [ '__cfduid=dad34bc190fd5241297bc7cc7d4c7203c1547838282; expires=Sat, 18-Jan-20 19:04:42 GMT; path=/; domain=.registry.npmjs.org; HttpOnly' ],
237 silly get     'cf-cache-status': 'HIT',
237 silly get     'cache-control': 'max-age=300',
237 silly get     'cf-ray': '49b354325b5357b9-IAD',
237 silly get     etag: '"5f7c81bb22c7e23cb41d31813d60f472"',
237 silly get     'expect-ct': 'max-age=604800, report-uri="https://report-uri.cloudflare.com/cdn-cgi/beacon/expect-ct"',
237 silly get     'last-modified': 'Wed, 16 Jan 2019 19:39:30 GMT',
237 silly get     vary: 'accept-encoding, accept',
237 silly get     'x-amz-meta-rev': '3879-5b38f2b5cc85b0197ea8f94e3af7ce31',
237 silly get     server: 'cloudflare' } ]
238 verbose etag https://registry.npmjs.org/express from cache
239 verbose get saving express to /home/ubuntu/.npm/registry.npmjs.org/express/.cache.json
240 silly gunzTarPerm extractEntry .editorconfig
241 silly gunzTarPerm extractEntry .eslintignore
242 silly gunzTarPerm extractEntry README.md
243 silly gunzTarPerm extractEntry LICENSE
244 silly gunzTarPerm extractEntry index.js
245 silly gunzTarPerm extractEntry HISTORY.md
246 silly gunzTarPerm extractEntry lib/read.js
247 silly gunzTarPerm extractEntry lib/types/json.js
248 silly gunzTarPerm extractEntry lib/types/raw.js
249 silly gunzTarPerm extractEntry lib/types/text.js
250 silly gunzTarPerm extractEntry lib/types/urlencoded.js
251 silly gunzTarPerm extractEntry .npmignore
252 silly gunzTarPerm extractEntry README.md
253 silly mapToRegistry name ejs
254 silly mapToRegistry using default registry
255 silly mapToRegistry registry https://registry.npmjs.org/
256 silly mapToRegistry uri https://registry.npmjs.org/ejs
257 verbose addRemoteTarball https://registry.npmjs.org/ejs/-/ejs-2.6.1.tgz not in flight; adding
258 verbose addRemoteTarball [ 'https://registry.npmjs.org/ejs/-/ejs-2.6.1.tgz',
258 verbose addRemoteTarball   '498ec0d495655abc6f23cd61868d926464071aa0' ]
259 silly gunzTarPerm extractEntry .eslintrc
260 silly gunzTarPerm extractEntry CHANGELOG.md
261 silly mapToRegistry name express
262 silly mapToRegistry using default registry
263 silly mapToRegistry registry https://registry.npmjs.org/
264 silly mapToRegistry uri https://registry.npmjs.org/express
265 verbose addRemoteTarball https://registry.npmjs.org/express/-/express-4.16.3.tgz not in flight; adding
266 verbose addRemoteTarball [ 'https://registry.npmjs.org/express/-/express-4.16.3.tgz',
266 verbose addRemoteTarball   '6af8a502350db3246ecc4becf6b5a34d22f7ed53' ]
267 silly gunzTarPerm extractEntry LICENSE
268 silly gunzTarPerm extractEntry .travis.yml
269 silly gunzTarPerm extractEntry CHANGELOG.md
270 silly gunzTarPerm extractEntry .editorconfig
271 silly gunzTarPerm extractEntry bin/forever
272 silly gunzTarPerm extractEntry bin/monitor
273 silly gunzTarPerm extractEntry lib/forever.js
274 silly gunzTarPerm extractEntry lib/forever/cli.js
275 silly gunzTarPerm extractEntry lib/forever/worker.js
276 silly gunzTarPerm extractEntry .jshintrc
277 silly gunzTarPerm extractEntry test/cli-test
278 silly gunzTarPerm modified mode [ 'test/cli-test', 511, 493 ]
279 silly gunzTarPerm extractEntry test/core/daemonic-inheritance-test.js
280 silly gunzTarPerm extractEntry test/core/start-stop-json-array-test.js
281 silly gunzTarPerm extractEntry test/core/start-stop-json-obj-test.js
282 silly gunzTarPerm extractEntry test/core/start-stop-relative-test.js
283 silly gunzTarPerm extractEntry test/core/stopall-peaceful-test.js
284 silly gunzTarPerm extractEntry test/core/stopbypid-peaceful-test.js
285 silly gunzTarPerm extractEntry test/core/tail-stopall-test.js
286 silly gunzTarPerm extractEntry test/fixtures/cluster-fork-mode.js
287 silly gunzTarPerm extractEntry test/fixtures/server.js
288 silly gunzTarPerm extractEntry test/fixtures/start-daemon.js
289 silly gunzTarPerm extractEntry test/fixtures/log-on-interval.js
290 silly gunzTarPerm extractEntry test/fixtures/servers.json
291 silly gunzTarPerm extractEntry test/fixtures/server.json
292 silly gunzTarPerm extractEntry test/helpers/index.js
293 silly gunzTarPerm extractEntry test/helpers/macros.js
294 silly gunzTarPerm extractEntry test/helpers/mocks/child-process.js
295 silly gunzTarPerm extractEntry test/helpers/mocks/monitor.js
296 silly gunzTarPerm extractEntry test/helpers/mocks/stream.js
297 silly gunzTarPerm extractEntry test/worker/multiple-workers-test.js
298 silly gunzTarPerm extractEntry test/worker/simple-test.js
299 info retry fetch attempt 1 at 7:04:42 PM
300 info attempt registry request try #1 at 7:04:42 PM
301 http fetch GET https://registry.npmjs.org/express/-/express-4.16.3.tgz
302 info retry fetch attempt 1 at 7:04:42 PM
303 info attempt registry request try #1 at 7:04:42 PM
304 http fetch GET https://registry.npmjs.org/ejs/-/ejs-2.6.1.tgz
305 silly gunzTarPerm extractEntry LICENSE
306 silly gunzTarPerm extractEntry README.md
307 silly gunzTarPerm extractEntry dist/qs.js
308 silly gunzTarPerm extractEntry lib/formats.js
309 silly gunzTarPerm extractEntry lib/index.js
310 silly gunzTarPerm extractEntry lib/parse.js
311 silly gunzTarPerm extractEntry lib/stringify.js
312 silly gunzTarPerm extractEntry lib/utils.js
313 silly gunzTarPerm extractEntry test/.eslintrc
314 silly gunzTarPerm extractEntry test/index.js
315 silly gunzTarPerm extractEntry test/parse.js
316 silly gunzTarPerm extractEntry test/stringify.js
317 silly gunzTarPerm extractEntry test/utils.js
318 http fetch 200 https://registry.npmjs.org/express/-/express-4.16.3.tgz
319 silly fetchAndShaCheck shasum 6af8a502350db3246ecc4becf6b5a34d22f7ed53
320 http fetch 200 https://registry.npmjs.org/ejs/-/ejs-2.6.1.tgz
321 verbose addTmpTarball /tmp/npm-8629-ec03b050/registry.npmjs.org/express/-/express-4.16.3.tgz not in flight; adding
322 verbose addTmpTarball already have metadata; skipping unpack for express@4.16.3
323 silly fetchAndShaCheck shasum 498ec0d495655abc6f23cd61868d926464071aa0
324 silly gentlyRm /home/ubuntu/workspace/website/node_modules/.staging/body-parser-8dfdb743/node_modules is being purged
325 verbose gentlyRm don't care about contents; nuking /home/ubuntu/workspace/website/node_modules/.staging/body-parser-8dfdb743/node_modules
326 verbose addTmpTarball /tmp/npm-8629-ec03b050/registry.npmjs.org/ejs/-/ejs-2.6.1.tgz not in flight; adding
327 verbose addTmpTarball already have metadata; skipping unpack for ejs@2.6.1
328 verbose unbuild node_modules/.staging/express-15bf87f1
329 silly gentlyRm /home/ubuntu/workspace/website/node_modules/.staging/express-15bf87f1 is being purged from base /home/ubuntu/workspace/website
330 verbose gentlyRm don't care about contents; nuking /home/ubuntu/workspace/website/node_modules/.staging/express-15bf87f1
331 verbose tar unpack /home/ubuntu/.npm/express/4.16.3/package.tgz
332 verbose tar unpacking to /home/ubuntu/workspace/website/node_modules/.staging/express-15bf87f1
333 silly gentlyRm /home/ubuntu/workspace/website/node_modules/.staging/express-15bf87f1 is being purged
334 verbose gentlyRm don't care about contents; nuking /home/ubuntu/workspace/website/node_modules/.staging/express-15bf87f1
335 silly gunzTarPerm modes [ '755', '644' ]
336 verbose unbuild node_modules/.staging/ejs-6e9f2657
337 silly gunzTarPerm extractEntry package.json
338 silly gentlyRm /home/ubuntu/workspace/website/node_modules/.staging/ejs-6e9f2657 is being purged from base /home/ubuntu/workspace/website
339 verbose gentlyRm don't care about contents; nuking /home/ubuntu/workspace/website/node_modules/.staging/ejs-6e9f2657
340 verbose tar unpack /home/ubuntu/.npm/ejs/2.6.1/package.tgz
341 verbose tar unpacking to /home/ubuntu/workspace/website/node_modules/.staging/ejs-6e9f2657
342 silly gentlyRm /home/ubuntu/workspace/website/node_modules/.staging/ejs-6e9f2657 is being purged
343 verbose gentlyRm don't care about contents; nuking /home/ubuntu/workspace/website/node_modules/.staging/ejs-6e9f2657
344 silly gunzTarPerm modes [ '755', '644' ]
345 silly gunzTarPerm extractEntry LICENSE
346 silly gunzTarPerm extractEntry index.js
347 silly gunzTarPerm extractEntry
348 silly gunzTarPerm extractEntry Readme.md
349 silly gunzTarPerm extractEntry History.md
350 silly gunzTarPerm extractEntry ejs.js
351 silly gunzTarPerm extractEntry ejs.min.js
352 silly gunzTarPerm extractEntry Jakefile
353 silly gunzTarPerm extractEntry lib/
354 silly gunzTarPerm extractEntry LICENSE
355 silly gunzTarPerm extractEntry package.json
356 silly gunzTarPerm extractEntry lib/application.js
357 silly gunzTarPerm extractEntry README.md
358 silly gunzTarPerm extractEntry lib/express.js
359 silly gunzTarPerm extractEntry lib/request.js
360 silly gunzTarPerm extractEntry lib/ejs.js
361 silly gunzTarPerm extractEntry lib/utils.js
362 silly gunzTarPerm extractEntry lib/response.js
363 silly gunzTarPerm extractEntry lib/utils.js
364 silly gunzTarPerm extractEntry lib/view.js
365 silly gunzTarPerm extractEntry lib/middleware/init.js
366 silly gunzTarPerm extractEntry lib/middleware/query.js
367 silly gunzTarPerm extractEntry lib/router/index.js
368 silly gunzTarPerm extractEntry lib/router/layer.js
369 silly gunzTarPerm extractEntry lib/router/route.js
370 silly gentlyRm /home/ubuntu/workspace/website/node_modules/.staging/qs-749ba290/node_modules is being purged
371 verbose gentlyRm don't care about contents; nuking /home/ubuntu/workspace/website/node_modules/.staging/qs-749ba290/node_modules
372 silly gentlyRm /home/ubuntu/workspace/website/node_modules/.staging/ejs-6e9f2657/node_modules is being purged
373 verbose gentlyRm don't care about contents; nuking /home/ubuntu/workspace/website/node_modules/.staging/ejs-6e9f2657/node_modules
374 silly gentlyRm /home/ubuntu/workspace/website/node_modules/.staging/express-15bf87f1/node_modules is being purged
375 verbose gentlyRm don't care about contents; nuking /home/ubuntu/workspace/website/node_modules/.staging/express-15bf87f1/node_modules
376 silly gentlyRm /home/ubuntu/workspace/website/node_modules/.staging/forever-97415444/node_modules is being purged
377 verbose gentlyRm don't care about contents; nuking /home/ubuntu/workspace/website/node_modules/.staging/forever-97415444/node_modules
378 silly doParallel preinstall 5
379 silly preinstall qs@6.5.2 /home/ubuntu/workspace/website/node_modules/.staging/qs-749ba290
380 info lifecycle qs@6.5.2~preinstall: qs@6.5.2
381 silly preinstall body-parser@1.18.3 /home/ubuntu/workspace/website/node_modules/.staging/body-parser-8dfdb743
382 info lifecycle body-parser@1.18.3~preinstall: body-parser@1.18.3
383 silly preinstall ejs@2.6.1 /home/ubuntu/workspace/website/node_modules/.staging/ejs-6e9f2657
384 info lifecycle ejs@2.6.1~preinstall: ejs@2.6.1
385 silly preinstall express@4.16.3 /home/ubuntu/workspace/website/node_modules/.staging/express-15bf87f1
386 info lifecycle express@4.16.3~preinstall: express@4.16.3
387 silly preinstall forever@0.15.3 /home/ubuntu/workspace/website/node_modules/.staging/forever-97415444
388 info lifecycle forever@0.15.3~preinstall: forever@0.15.3
389 silly lifecycle qs@6.5.2~preinstall: no script for preinstall, continuing
390 silly lifecycle body-parser@1.18.3~preinstall: no script for preinstall, continuing
391 silly lifecycle ejs@2.6.1~preinstall: no script for preinstall, continuing
392 silly lifecycle express@4.16.3~preinstall: no script for preinstall, continuing
393 silly lifecycle forever@0.15.3~preinstall: no script for preinstall, continuing
394 silly doReverseSerial remove 0
395 silly doSerial move 0
396 silly doSerial finalize 5
397 silly finalize /home/ubuntu/workspace/website/node_modules/body-parser/node_modules/qs
398 silly finalize /home/ubuntu/workspace/website/node_modules/body-parser
399 verbose unlock done using /home/ubuntu/.npm/_locks/staging-fca7826f70396a15.lock for /home/ubuntu/workspace/website/node_modules/.staging
400 silly rollbackFailedOptional Starting
401 silly rollbackFailedOptional Finishing
402 silly runTopLevelLifecycles Starting
403 silly runTopLevelLifecycles Finishing
404 silly install printInstalled
405 warn optional Skipping failed optional dependency /chokidar/fsevents:
406 warn notsup Not compatible with your operating system or architecture: fsevents@1.2.7
407 warn optional Skipping failed optional dependency /forever-monitor/chokidar/fsevents:
408 warn notsup Not compatible with your operating system or architecture: fsevents@1.2.7
409 warn Website@1.0.0 No description
410 warn Website@1.0.0 No repository field.
411 verbose stack Error: ENOTEMPTY: directory not empty, rename '/home/ubuntu/workspace/website/node_modules/body-parser' -> '/home/ubuntu/workspace/website/node_modules/.body-parser.DELETE'
411 verbose stack     at moveAway (/usr/share/npm/lib/install/action/finalize.js:38:5)
411 verbose stack     at destStatted (/usr/share/npm/lib/install/action/finalize.js:27:7)
411 verbose stack     at FSReqWrap.oncomplete (fs.js:153:5)
411 verbose stack
411 verbose stack Error: ENOTEMPTY: directory not empty, rename '/home/ubuntu/workspace/website/node_modules/body-parser' -> '/home/ubuntu/workspace/website/node_modules/.body-parser.DELETE'
412 verbose cwd /home/ubuntu/workspace/website
413 error Linux 4.15.0-1021-aws
414 error argv "/usr/bin/node" "/usr/bin/npm" "i" "body-parser"
415 error node v8.10.0
416 error npm  v3.5.2
417 error path /home/ubuntu/workspace/website/node_modules/body-parser
418 error code ENOTEMPTY
419 error errno -39
420 error syscall rename
421 error ENOTEMPTY: directory not empty, rename '/home/ubuntu/workspace/website/node_modules/body-parser' -> '/home/ubuntu/workspace/website/node_modules/.body-parser.DELETE'
422 error If you need help, you may report this error at:
422 error     <https://github.com/npm/npm/issues>
423 verbose exit [ -39, true ]
